INFO:root:Set listening port to 5555
INFO:root:Set my IP to 10.0.0.1
INFO:root:This ID: 0xed1665c190146c4dcb8eb871f1d2499d61bb293b
INFO:root:Sleeping for 1 seconds while listening threads are created.
INFO:root:Joined the network
INFO:root:This ID: 0xed1665c190146c4dcb8eb871f1d2499d61bb293b
INFO:root:0xed1665c190146c4dcb8eb871f1d2499d61bb293b 10.0.0.1:5555 0xed1665c190146c4dcb8eb871f1d2499d61bb293c
INFO:root:0xed1665c190146c4dcb8eb871f1d2499d61bb293b 10.0.0.1:5555 0xed1665c190146c4dcb8eb871f1d2499d61bb293d
INFO:root:0xed1665c190146c4dcb8eb871f1d2499d61bb293b 10.0.0.1:5555 0xed1665c190146c4dcb8eb871f1d2499d61bb293f
INFO:root:0xed1665c190146c4dcb8eb871f1d2499d61bb293b 10.0.0.1:5555 0xed1665c190146c4dcb8eb871f1d2499d61bb2943
INFO:root:0xed1665c190146c4dcb8eb871f1d2499d61bb293b 10.0.0.1:5555 0xed1665c190146c4dcb8eb871f1d2499d61bb294b
INFO:root:0xed1665c190146c4dcb8eb871f1d2499d61bb293b 10.0.0.1:5555 0xed1665c190146c4dcb8eb871f1d2499d61bb295b
INFO:root:0xed1665c190146c4dcb8eb871f1d2499d61bb293b 10.0.0.1:5555 0xed1665c190146c4dcb8eb871f1d2499d61bb297b
INFO:root:0xed1665c190146c4dcb8eb871f1d2499d61bb293b 10.0.0.1:5555 0xed1665c190146c4dcb8eb871f1d2499d61bb29bb
INFO:root:0xed1665c190146c4dcb8eb871f1d2499d61bb293b 10.0.0.1:5555 0xed1665c190146c4dcb8eb871f1d2499d61bb2a3b
INFO:root:0xed1665c190146c4dcb8eb871f1d2499d61bb293b 10.0.0.1:5555 0xed1665c190146c4dcb8eb871f1d2499d61bb2b3b
INFO:root:0xed1665c190146c4dcb8eb871f1d2499d61bb293b 10.0.0.1:5555 0xed1665c190146c4dcb8eb871f1d2499d61bb2d3b
INFO:root:0xed1665c190146c4dcb8eb871f1d2499d61bb293b 10.0.0.1:5555 0xed1665c190146c4dcb8eb871f1d2499d61bb313b
INFO:root:0xed1665c190146c4dcb8eb871f1d2499d61bb293b 10.0.0.1:5555 0xed1665c190146c4dcb8eb871f1d2499d61bb393b
INFO:root:0xed1665c190146c4dcb8eb871f1d2499d61bb293b 10.0.0.1:5555 0xed1665c190146c4dcb8eb871f1d2499d61bb493b
INFO:root:0xed1665c190146c4dcb8eb871f1d2499d61bb293b 10.0.0.1:5555 0xed1665c190146c4dcb8eb871f1d2499d61bb693b
INFO:root:0xed1665c190146c4dcb8eb871f1d2499d61bb293b 10.0.0.1:5555 0xed1665c190146c4dcb8eb871f1d2499d61bba93b
INFO:root:0xed1665c190146c4dcb8eb871f1d2499d61bb293b 10.0.0.1:5555 0xed1665c190146c4dcb8eb871f1d2499d61bc293b
INFO:root:0xed1665c190146c4dcb8eb871f1d2499d61bb293b 10.0.0.1:5555 0xed1665c190146c4dcb8eb871f1d2499d61bd293b
INFO:root:0xed1665c190146c4dcb8eb871f1d2499d61bb293b 10.0.0.1:5555 0xed1665c190146c4dcb8eb871f1d2499d61bf293b
INFO:root:0xed1665c190146c4dcb8eb871f1d2499d61bb293b 10.0.0.1:5555 0xed1665c190146c4dcb8eb871f1d2499d61c3293b
INFO:root:0xed1665c190146c4dcb8eb871f1d2499d61bb293b 10.0.0.1:5555 0xed1665c190146c4dcb8eb871f1d2499d61cb293b
INFO:root:0xed1665c190146c4dcb8eb871f1d2499d61bb293b 10.0.0.1:5555 0xed1665c190146c4dcb8eb871f1d2499d61db293b
INFO:root:0xed1665c190146c4dcb8eb871f1d2499d61bb293b 10.0.0.1:5555 0xed1665c190146c4dcb8eb871f1d2499d61fb293b
INFO:root:0xed1665c190146c4dcb8eb871f1d2499d61bb293b 10.0.0.1:5555 0xed1665c190146c4dcb8eb871f1d2499d623b293b
INFO:root:0xed1665c190146c4dcb8eb871f1d2499d61bb293b 10.0.0.1:5555 0xed1665c190146c4dcb8eb871f1d2499d62bb293b
INFO:root:0xed1665c190146c4dcb8eb871f1d2499d61bb293b 10.0.0.1:5555 0xed1665c190146c4dcb8eb871f1d2499d63bb293b
INFO:root:0xed1665c190146c4dcb8eb871f1d2499d61bb293b 10.0.0.1:5555 0xed1665c190146c4dcb8eb871f1d2499d65bb293b
INFO:root:0xed1665c190146c4dcb8eb871f1d2499d61bb293b 10.0.0.1:5555 0xed1665c190146c4dcb8eb871f1d2499d69bb293b
INFO:root:0xed1665c190146c4dcb8eb871f1d2499d61bb293b 10.0.0.1:5555 0xed1665c190146c4dcb8eb871f1d2499d71bb293b
INFO:root:0xed1665c190146c4dcb8eb871f1d2499d61bb293b 10.0.0.1:5555 0xed1665c190146c4dcb8eb871f1d2499d81bb293b
INFO:root:0xed1665c190146c4dcb8eb871f1d2499d61bb293b 10.0.0.1:5555 0xed1665c190146c4dcb8eb871f1d2499da1bb293b
INFO:root:0xed1665c190146c4dcb8eb871f1d2499d61bb293b 10.0.0.1:5555 0xed1665c190146c4dcb8eb871f1d2499de1bb293b
INFO:root:0xed1665c190146c4dcb8eb871f1d2499d61bb293b 10.0.0.1:5555 0xed1665c190146c4dcb8eb871f1d2499e61bb293b
INFO:root:0xed1665c190146c4dcb8eb871f1d2499d61bb293b 10.0.0.1:5555 0xed1665c190146c4dcb8eb871f1d2499f61bb293b
INFO:root:0xed1665c190146c4dcb8eb871f1d2499d61bb293b 10.0.0.1:5555 0xed1665c190146c4dcb8eb871f1d249a161bb293b
INFO:root:0xed1665c190146c4dcb8eb871f1d2499d61bb293b 10.0.0.1:5555 0xed1665c190146c4dcb8eb871f1d249a561bb293b
INFO:root:0xed1665c190146c4dcb8eb871f1d2499d61bb293b 10.0.0.1:5555 0xed1665c190146c4dcb8eb871f1d249ad61bb293b
INFO:root:0xed1665c190146c4dcb8eb871f1d2499d61bb293b 10.0.0.1:5555 0xed1665c190146c4dcb8eb871f1d249bd61bb293b
INFO:root:0xed1665c190146c4dcb8eb871f1d2499d61bb293b 10.0.0.1:5555 0xed1665c190146c4dcb8eb871f1d249dd61bb293b
INFO:root:0xed1665c190146c4dcb8eb871f1d2499d61bb293b 10.0.0.1:5555 0xed1665c190146c4dcb8eb871f1d24a1d61bb293b
INFO:root:0xed1665c190146c4dcb8eb871f1d2499d61bb293b 10.0.0.1:5555 0xed1665c190146c4dcb8eb871f1d24a9d61bb293b
INFO:root:0xed1665c190146c4dcb8eb871f1d2499d61bb293b 10.0.0.1:5555 0xed1665c190146c4dcb8eb871f1d24b9d61bb293b
INFO:root:0xed1665c190146c4dcb8eb871f1d2499d61bb293b 10.0.0.1:5555 0xed1665c190146c4dcb8eb871f1d24d9d61bb293b
INFO:root:0xed1665c190146c4dcb8eb871f1d2499d61bb293b 10.0.0.1:5555 0xed1665c190146c4dcb8eb871f1d2519d61bb293b
INFO:root:0xed1665c190146c4dcb8eb871f1d2499d61bb293b 10.0.0.1:5555 0xed1665c190146c4dcb8eb871f1d2599d61bb293b
INFO:root:0xed1665c190146c4dcb8eb871f1d2499d61bb293b 10.0.0.1:5555 0xed1665c190146c4dcb8eb871f1d2699d61bb293b
INFO:root:0xed1665c190146c4dcb8eb871f1d2499d61bb293b 10.0.0.1:5555 0xed1665c190146c4dcb8eb871f1d2899d61bb293b
INFO:root:0xed1665c190146c4dcb8eb871f1d2499d61bb293b 10.0.0.1:5555 0xed1665c190146c4dcb8eb871f1d2c99d61bb293b
INFO:root:0xed1665c190146c4dcb8eb871f1d2499d61bb293b 10.0.0.1:5555 0xed1665c190146c4dcb8eb871f1d3499d61bb293b
INFO:root:0xed1665c190146c4dcb8eb871f1d2499d61bb293b 10.0.0.1:5555 0xed1665c190146c4dcb8eb871f1d4499d61bb293b
INFO:root:0xed1665c190146c4dcb8eb871f1d2499d61bb293b 10.0.0.1:5555 0xed1665c190146c4dcb8eb871f1d6499d61bb293b
INFO:root:0xed1665c190146c4dcb8eb871f1d2499d61bb293b 10.0.0.1:5555 0xed1665c190146c4dcb8eb871f1da499d61bb293b
INFO:root:0xed1665c190146c4dcb8eb871f1d2499d61bb293b 10.0.0.1:5555 0xed1665c190146c4dcb8eb871f1e2499d61bb293b
INFO:root:0xed1665c190146c4dcb8eb871f1d2499d61bb293b 10.0.0.1:5555 0xed1665c190146c4dcb8eb871f1f2499d61bb293b
INFO:root:0xed1665c190146c4dcb8eb871f1d2499d61bb293b 10.0.0.1:5555 0xed1665c190146c4dcb8eb871f212499d61bb293b
INFO:root:0xed1665c190146c4dcb8eb871f1d2499d61bb293b 10.0.0.1:5555 0xed1665c190146c4dcb8eb871f252499d61bb293b
INFO:root:0xed1665c190146c4dcb8eb871f1d2499d61bb293b 10.0.0.1:5555 0xed1665c190146c4dcb8eb871f2d2499d61bb293b
INFO:root:0xed1665c190146c4dcb8eb871f1d2499d61bb293b 10.0.0.1:5555 0xed1665c190146c4dcb8eb871f3d2499d61bb293b
INFO:root:0xed1665c190146c4dcb8eb871f1d2499d61bb293b 10.0.0.1:5555 0xed1665c190146c4dcb8eb871f5d2499d61bb293b
INFO:root:0xed1665c190146c4dcb8eb871f1d2499d61bb293b 10.0.0.1:5555 0xed1665c190146c4dcb8eb871f9d2499d61bb293b
INFO:root:0xed1665c190146c4dcb8eb871f1d2499d61bb293b 10.0.0.1:5555 0xed1665c190146c4dcb8eb87201d2499d61bb293b
INFO:root:0xed1665c190146c4dcb8eb871f1d2499d61bb293b 10.0.0.1:5555 0xed1665c190146c4dcb8eb87211d2499d61bb293b
INFO:root:0xed1665c190146c4dcb8eb871f1d2499d61bb293b 10.0.0.1:5555 0xed1665c190146c4dcb8eb87231d2499d61bb293b
INFO:root:0xed1665c190146c4dcb8eb871f1d2499d61bb293b 10.0.0.1:5555 0xed1665c190146c4dcb8eb87271d2499d61bb293b
INFO:root:0xed1665c190146c4dcb8eb871f1d2499d61bb293b 10.0.0.1:5555 0xed1665c190146c4dcb8eb872f1d2499d61bb293b
INFO:root:0xed1665c190146c4dcb8eb871f1d2499d61bb293b 10.0.0.1:5555 0xed1665c190146c4dcb8eb873f1d2499d61bb293b
INFO:root:0xed1665c190146c4dcb8eb871f1d2499d61bb293b 10.0.0.1:5555 0xed1665c190146c4dcb8eb875f1d2499d61bb293b
INFO:root:0xed1665c190146c4dcb8eb871f1d2499d61bb293b 10.0.0.1:5555 0xed1665c190146c4dcb8eb879f1d2499d61bb293b
INFO:root:0xed1665c190146c4dcb8eb871f1d2499d61bb293b 10.0.0.1:5555 0xed1665c190146c4dcb8eb881f1d2499d61bb293b
INFO:root:0xed1665c190146c4dcb8eb871f1d2499d61bb293b 10.0.0.1:5555 0xed1665c190146c4dcb8eb891f1d2499d61bb293b
INFO:root:0xed1665c190146c4dcb8eb871f1d2499d61bb293b 10.0.0.1:5555 0xed1665c190146c4dcb8eb8b1f1d2499d61bb293b
INFO:root:0xed1665c190146c4dcb8eb871f1d2499d61bb293b 10.0.0.1:5555 0xed1665c190146c4dcb8eb8f1f1d2499d61bb293b
INFO:root:0xed1665c190146c4dcb8eb871f1d2499d61bb293b 10.0.0.1:5555 0xed1665c190146c4dcb8eb971f1d2499d61bb293b
INFO:root:0xed1665c190146c4dcb8eb871f1d2499d61bb293b 10.0.0.1:5555 0xed1665c190146c4dcb8eba71f1d2499d61bb293b
INFO:root:0xed1665c190146c4dcb8eb871f1d2499d61bb293b 10.0.0.1:5555 0xed1665c190146c4dcb8ebc71f1d2499d61bb293b
INFO:root:0xed1665c190146c4dcb8eb871f1d2499d61bb293b 10.0.0.1:5555 0xed1665c190146c4dcb8ec071f1d2499d61bb293b
INFO:root:0xed1665c190146c4dcb8eb871f1d2499d61bb293b 10.0.0.1:5555 0xed1665c190146c4dcb8ec871f1d2499d61bb293b
INFO:root:0xed1665c190146c4dcb8eb871f1d2499d61bb293b 10.0.0.1:5555 0xed1665c190146c4dcb8ed871f1d2499d61bb293b
INFO:root:0xed1665c190146c4dcb8eb871f1d2499d61bb293b 10.0.0.1:5555 0xed1665c190146c4dcb8ef871f1d2499d61bb293b
INFO:root:0xed1665c190146c4dcb8eb871f1d2499d61bb293b 10.0.0.1:5555 0xed1665c190146c4dcb8f3871f1d2499d61bb293b
INFO:root:0xed1665c190146c4dcb8eb871f1d2499d61bb293b 10.0.0.1:5555 0xed1665c190146c4dcb8fb871f1d2499d61bb293b
INFO:root:0xed1665c190146c4dcb8eb871f1d2499d61bb293b 10.0.0.1:5555 0xed1665c190146c4dcb90b871f1d2499d61bb293b
INFO:root:0xed1665c190146c4dcb8eb871f1d2499d61bb293b 10.0.0.1:5555 0xed1665c190146c4dcb92b871f1d2499d61bb293b
INFO:root:0xed1665c190146c4dcb8eb871f1d2499d61bb293b 10.0.0.1:5555 0xed1665c190146c4dcb96b871f1d2499d61bb293b
INFO:root:0xed1665c190146c4dcb8eb871f1d2499d61bb293b 10.0.0.1:5555 0xed1665c190146c4dcb9eb871f1d2499d61bb293b
INFO:root:0xed1665c190146c4dcb8eb871f1d2499d61bb293b 10.0.0.1:5555 0xed1665c190146c4dcbaeb871f1d2499d61bb293b
INFO:root:0xed1665c190146c4dcb8eb871f1d2499d61bb293b 10.0.0.1:5555 0xed1665c190146c4dcbceb871f1d2499d61bb293b
INFO:root:0xed1665c190146c4dcb8eb871f1d2499d61bb293b 10.0.0.1:5555 0xed1665c190146c4dcc0eb871f1d2499d61bb293b
INFO:root:0xed1665c190146c4dcb8eb871f1d2499d61bb293b 10.0.0.1:5555 0xed1665c190146c4dcc8eb871f1d2499d61bb293b
INFO:root:0xed1665c190146c4dcb8eb871f1d2499d61bb293b 10.0.0.1:5555 0xed1665c190146c4dcd8eb871f1d2499d61bb293b
INFO:root:0xed1665c190146c4dcb8eb871f1d2499d61bb293b 10.0.0.1:5555 0xed1665c190146c4dcf8eb871f1d2499d61bb293b
INFO:root:0xed1665c190146c4dcb8eb871f1d2499d61bb293b 10.0.0.1:5555 0xed1665c190146c4dd38eb871f1d2499d61bb293b
INFO:root:0xed1665c190146c4dcb8eb871f1d2499d61bb293b 10.0.0.1:5555 0xed1665c190146c4ddb8eb871f1d2499d61bb293b
INFO:root:0xed1665c190146c4dcb8eb871f1d2499d61bb293b 10.0.0.1:5555 0xed1665c190146c4deb8eb871f1d2499d61bb293b
INFO:root:0xed1665c190146c4dcb8eb871f1d2499d61bb293b 10.0.0.1:5555 0xed1665c190146c4e0b8eb871f1d2499d61bb293b
INFO:root:0xed1665c190146c4dcb8eb871f1d2499d61bb293b 10.0.0.1:5555 0xed1665c190146c4e4b8eb871f1d2499d61bb293b
INFO:root:0xed1665c190146c4dcb8eb871f1d2499d61bb293b 10.0.0.1:5555 0xed1665c190146c4ecb8eb871f1d2499d61bb293b
INFO:root:0xed1665c190146c4dcb8eb871f1d2499d61bb293b 10.0.0.1:5555 0xed1665c190146c4fcb8eb871f1d2499d61bb293b
INFO:root:0xed1665c190146c4dcb8eb871f1d2499d61bb293b 10.0.0.1:5555 0xed1665c190146c51cb8eb871f1d2499d61bb293b
INFO:root:0xed1665c190146c4dcb8eb871f1d2499d61bb293b 10.0.0.1:5555 0xed1665c190146c55cb8eb871f1d2499d61bb293b
INFO:root:0xed1665c190146c4dcb8eb871f1d2499d61bb293b 10.0.0.1:5555 0xed1665c190146c5dcb8eb871f1d2499d61bb293b
INFO:root:0xed1665c190146c4dcb8eb871f1d2499d61bb293b 10.0.0.1:5555 0xed1665c190146c6dcb8eb871f1d2499d61bb293b
INFO:root:0xed1665c190146c4dcb8eb871f1d2499d61bb293b 10.0.0.1:5555 0xed1665c190146c8dcb8eb871f1d2499d61bb293b
INFO:root:0xed1665c190146c4dcb8eb871f1d2499d61bb293b 10.0.0.1:5555 0xed1665c190146ccdcb8eb871f1d2499d61bb293b
INFO:root:0xed1665c190146c4dcb8eb871f1d2499d61bb293b 10.0.0.1:5555 0xed1665c190146d4dcb8eb871f1d2499d61bb293b
INFO:root:0xed1665c190146c4dcb8eb871f1d2499d61bb293b 10.0.0.1:5555 0xed1665c190146e4dcb8eb871f1d2499d61bb293b
INFO:root:0xed1665c190146c4dcb8eb871f1d2499d61bb293b 10.0.0.1:5555 0xed1665c19014704dcb8eb871f1d2499d61bb293b
INFO:root:0xed1665c190146c4dcb8eb871f1d2499d61bb293b 10.0.0.1:5555 0xed1665c19014744dcb8eb871f1d2499d61bb293b
INFO:root:0xed1665c190146c4dcb8eb871f1d2499d61bb293b 10.0.0.1:5555 0xed1665c190147c4dcb8eb871f1d2499d61bb293b
INFO:root:0xed1665c190146c4dcb8eb871f1d2499d61bb293b 10.0.0.1:5555 0xed1665c190148c4dcb8eb871f1d2499d61bb293b
INFO:root:0xed1665c190146c4dcb8eb871f1d2499d61bb293b 10.0.0.1:5555 0xed1665c19014ac4dcb8eb871f1d2499d61bb293b
INFO:root:0xed1665c190146c4dcb8eb871f1d2499d61bb293b 10.0.0.1:5555 0xed1665c19014ec4dcb8eb871f1d2499d61bb293b
INFO:root:0xed1665c190146c4dcb8eb871f1d2499d61bb293b 10.0.0.1:5555 0xed1665c190156c4dcb8eb871f1d2499d61bb293b
INFO:root:0xed1665c190146c4dcb8eb871f1d2499d61bb293b 10.0.0.1:5555 0xed1665c190166c4dcb8eb871f1d2499d61bb293b
INFO:root:0xed1665c190146c4dcb8eb871f1d2499d61bb293b 10.0.0.1:5555 0xed1665c190186c4dcb8eb871f1d2499d61bb293b
INFO:root:0xed1665c190146c4dcb8eb871f1d2499d61bb293b 10.0.0.1:5555 0xed1665c1901c6c4dcb8eb871f1d2499d61bb293b
INFO:root:0xed1665c190146c4dcb8eb871f1d2499d61bb293b 10.0.0.1:5555 0xed1665c190246c4dcb8eb871f1d2499d61bb293b
INFO:root:0xed1665c190146c4dcb8eb871f1d2499d61bb293b 10.0.0.1:5555 0xed1665c190346c4dcb8eb871f1d2499d61bb293b
INFO:root:0xed1665c190146c4dcb8eb871f1d2499d61bb293b 10.0.0.1:5555 0xed1665c190546c4dcb8eb871f1d2499d61bb293b
INFO:root:0xed1665c190146c4dcb8eb871f1d2499d61bb293b 10.0.0.1:5555 0xed1665c190946c4dcb8eb871f1d2499d61bb293b
INFO:root:0xed1665c190146c4dcb8eb871f1d2499d61bb293b 10.0.0.1:5555 0xed1665c191146c4dcb8eb871f1d2499d61bb293b
INFO:root:0xed1665c190146c4dcb8eb871f1d2499d61bb293b 10.0.0.1:5555 0xed1665c192146c4dcb8eb871f1d2499d61bb293b
INFO:root:0xed1665c190146c4dcb8eb871f1d2499d61bb293b 10.0.0.1:5555 0xed1665c194146c4dcb8eb871f1d2499d61bb293b
INFO:root:0xed1665c190146c4dcb8eb871f1d2499d61bb293b 10.0.0.1:5555 0xed1665c198146c4dcb8eb871f1d2499d61bb293b
INFO:root:0xed1665c190146c4dcb8eb871f1d2499d61bb293b 10.0.0.1:5555 0xed1665c1a0146c4dcb8eb871f1d2499d61bb293b
INFO:root:0xed1665c190146c4dcb8eb871f1d2499d61bb293b 10.0.0.1:5555 0xed1665c1b0146c4dcb8eb871f1d2499d61bb293b
INFO:root:0xed1665c190146c4dcb8eb871f1d2499d61bb293b 10.0.0.1:5555 0xed1665c1d0146c4dcb8eb871f1d2499d61bb293b
INFO:root:0xed1665c190146c4dcb8eb871f1d2499d61bb293b 10.0.0.1:5555 0xed1665c210146c4dcb8eb871f1d2499d61bb293b
INFO:root:0xed1665c190146c4dcb8eb871f1d2499d61bb293b 10.0.0.1:5555 0xed1665c290146c4dcb8eb871f1d2499d61bb293b
INFO:root:0xed1665c190146c4dcb8eb871f1d2499d61bb293b 10.0.0.1:5555 0xed1665c390146c4dcb8eb871f1d2499d61bb293b
INFO:root:0xed1665c190146c4dcb8eb871f1d2499d61bb293b 10.0.0.1:5555 0xed1665c590146c4dcb8eb871f1d2499d61bb293b
INFO:root:0xed1665c190146c4dcb8eb871f1d2499d61bb293b 10.0.0.1:5555 0xed1665c990146c4dcb8eb871f1d2499d61bb293b
INFO:root:0xed1665c190146c4dcb8eb871f1d2499d61bb293b 10.0.0.1:5555 0xed1665d190146c4dcb8eb871f1d2499d61bb293b
INFO:root:0xed1665c190146c4dcb8eb871f1d2499d61bb293b 10.0.0.1:5555 0xed1665e190146c4dcb8eb871f1d2499d61bb293b
INFO:root:0xed1665c190146c4dcb8eb871f1d2499d61bb293b 10.0.0.1:5555 0xed16660190146c4dcb8eb871f1d2499d61bb293b
INFO:root:0xed1665c190146c4dcb8eb871f1d2499d61bb293b 10.0.0.1:5555 0xed16664190146c4dcb8eb871f1d2499d61bb293b
INFO:root:0xed1665c190146c4dcb8eb871f1d2499d61bb293b 10.0.0.1:5555 0xed1666c190146c4dcb8eb871f1d2499d61bb293b
INFO:root:0xed1665c190146c4dcb8eb871f1d2499d61bb293b 10.0.0.1:5555 0xed1667c190146c4dcb8eb871f1d2499d61bb293b
INFO:root:0xed1665c190146c4dcb8eb871f1d2499d61bb293b 10.0.0.1:5555 0xed1669c190146c4dcb8eb871f1d2499d61bb293b
INFO:root:0xed1665c190146c4dcb8eb871f1d2499d61bb293b 10.0.0.1:5555 0xed166dc190146c4dcb8eb871f1d2499d61bb293b
INFO:root:0xed1665c190146c4dcb8eb871f1d2499d61bb293b 10.0.0.1:5555 0xed1675c190146c4dcb8eb871f1d2499d61bb293b
INFO:root:0xed1665c190146c4dcb8eb871f1d2499d61bb293b 10.0.0.1:5555 0xed1685c190146c4dcb8eb871f1d2499d61bb293b
INFO:root:0xed1665c190146c4dcb8eb871f1d2499d61bb293b 10.0.0.1:5555 0xed16a5c190146c4dcb8eb871f1d2499d61bb293b
INFO:root:0xed1665c190146c4dcb8eb871f1d2499d61bb293b 10.0.0.1:5555 0xed16e5c190146c4dcb8eb871f1d2499d61bb293b
INFO:root:0xed1665c190146c4dcb8eb871f1d2499d61bb293b 10.0.0.1:5555 0xed1765c190146c4dcb8eb871f1d2499d61bb293b
INFO:root:0xed1665c190146c4dcb8eb871f1d2499d61bb293b 10.0.0.1:5555 0xed1865c190146c4dcb8eb871f1d2499d61bb293b
INFO:root:0xed1665c190146c4dcb8eb871f1d2499d61bb293b 10.0.0.1:5555 0xed1a65c190146c4dcb8eb871f1d2499d61bb293b
INFO:root:0xed1665c190146c4dcb8eb871f1d2499d61bb293b 10.0.0.1:5555 0xed1e65c190146c4dcb8eb871f1d2499d61bb293b
INFO:root:0xed1665c190146c4dcb8eb871f1d2499d61bb293b 10.0.0.1:5555 0xed2665c190146c4dcb8eb871f1d2499d61bb293b
INFO:root:0xed1665c190146c4dcb8eb871f1d2499d61bb293b 10.0.0.1:5555 0xed3665c190146c4dcb8eb871f1d2499d61bb293b
INFO:root:0xed1665c190146c4dcb8eb871f1d2499d61bb293b 10.0.0.1:5555 0xed5665c190146c4dcb8eb871f1d2499d61bb293b
INFO:root:0xed1665c190146c4dcb8eb871f1d2499d61bb293b 10.0.0.1:5555 0xed9665c190146c4dcb8eb871f1d2499d61bb293b
INFO:root:0xed1665c190146c4dcb8eb871f1d2499d61bb293b 10.0.0.1:5555 0xee1665c190146c4dcb8eb871f1d2499d61bb293b
INFO:root:0xed1665c190146c4dcb8eb871f1d2499d61bb293b 10.0.0.1:5555 0xef1665c190146c4dcb8eb871f1d2499d61bb293b
INFO:root:0xed1665c190146c4dcb8eb871f1d2499d61bb293b 10.0.0.1:5555 0xf11665c190146c4dcb8eb871f1d2499d61bb293b
INFO:root:0xed1665c190146c4dcb8eb871f1d2499d61bb293b 10.0.0.1:5555 0xf51665c190146c4dcb8eb871f1d2499d61bb293b
INFO:root:0xed1665c190146c4dcb8eb871f1d2499d61bb293b 10.0.0.1:5555 0xfd1665c190146c4dcb8eb871f1d2499d61bb293b
INFO:root:0xed1665c190146c4dcb8eb871f1d2499d61bb293b 10.0.0.1:5555 0xd1665c190146c4dcb8eb871f1d2499d61bb293c
INFO:root:0xed1665c190146c4dcb8eb871f1d2499d61bb293b 10.0.0.1:5555 0x2d1665c190146c4dcb8eb871f1d2499d61bb293c
INFO:root:0xed1665c190146c4dcb8eb871f1d2499d61bb293b 10.0.0.1:5555 0x6d1665c190146c4dcb8eb871f1d2499d61bb293c
INFO:root:Pred: 0xed1665c190146c4dcb8eb871f1d2499d61bb293b
INFO:root:Farming successor list
INFO:root:Finished farming successor list
INFO:root:Got root node request
INFO:root:Farming successor list
INFO:root:New pred set
INFO:root:Farming successor list
INFO:root:Finished farming successor list
INFO:root:Finished farming successor list
INFO:root:Updating finger 14
INFO:root:Finished updating finger
INFO:root:New pred set
INFO:root:Farming successor list
INFO:root:Finished farming successor list
INFO:root:Updating finger 66
INFO:root:Finished updating finger
INFO:root:Updating finger 27
INFO:root:Finished updating finger
INFO:root:Updating finger 128
INFO:root:Finished updating finger
INFO:root:Updating finger 98
INFO:root:Finished updating finger
INFO:root:Updating finger 158
INFO:root:Finished updating finger
INFO:root:Updating finger 90
INFO:root:Finished updating finger
INFO:root:Updating finger 86
INFO:root:Finished updating finger
INFO:root:Updating finger 93
INFO:root:Finished updating finger
INFO:root:Updating finger 155
INFO:root:Finished updating finger
INFO:root:Updating finger 54
INFO:root:Finished updating finger
INFO:root:Updating finger 72
INFO:root:Finished updating finger
INFO:root:Updating finger 59
INFO:root:Finished updating finger
INFO:root:Updating finger 46
INFO:root:Finished updating finger
INFO:root:Updating finger 34
INFO:root:Finished updating finger
INFO:root:Updating finger 39
INFO:root:Finished updating finger
INFO:root:Updating finger 149
INFO:root:Finished updating finger
INFO:root:Updating finger 76
INFO:root:Finished updating finger
INFO:root:Updating finger 151
INFO:root:Finished updating finger
INFO:root:Updating finger 1
INFO:root:Finished updating finger
INFO:root:Updating finger 32
INFO:root:Finished updating finger
INFO:root:Updating finger 39
INFO:root:Finished updating finger
INFO:root:Updating finger 105
INFO:root:Finished updating finger
INFO:root:Updating finger 41
INFO:root:Finished updating finger
INFO:root:Updating finger 51
INFO:root:Finished updating finger
INFO:root:Updating finger 50
INFO:root:Finished updating finger
INFO:root:Updating finger 115
INFO:root:Finished updating finger
INFO:root:Updating finger 127
INFO:root:Finished updating finger
INFO:root:Updating finger 45
INFO:root:Finished updating finger
INFO:root:Updating finger 140
INFO:root:Finished updating finger
INFO:root:Updating finger 55
INFO:root:Finished updating finger
INFO:root:Updating finger 143
INFO:root:Finished updating finger
INFO:root:Updating finger 113
INFO:root:Finished updating finger
INFO:root:Updating finger 158
INFO:root:Finished updating finger
INFO:root:Updating finger 28
INFO:root:Finished updating finger
INFO:root:Updating finger 98
INFO:root:Finished updating finger
INFO:root:Updating finger 69
INFO:root:Finished updating finger
INFO:root:Updating finger 103
INFO:root:Finished updating finger
INFO:root:Updating finger 119
INFO:root:Finished updating finger
INFO:root:Updating finger 30
INFO:root:Finished updating finger
INFO:root:Updating finger 154
INFO:root:Finished updating finger
INFO:root:Updating finger 120
INFO:root:Finished updating finger
INFO:root:Updating finger 155
INFO:root:Finished updating finger
INFO:root:Updating finger 118
INFO:root:Finished updating finger
INFO:root:Updating finger 140
INFO:root:Finished updating finger
INFO:root:Updating finger 25
INFO:root:Finished updating finger
INFO:root:Updating finger 52
INFO:root:Finished updating finger
INFO:root:Updating finger 136
INFO:root:Finished updating finger
INFO:root:Updating finger 101
INFO:root:Finished updating finger
INFO:root:Updating finger 33
INFO:root:Finished updating finger
INFO:root:Updating finger 18
INFO:root:Finished updating finger
INFO:root:Updating finger 156
INFO:root:Finished updating finger
INFO:root:Updating finger 73
INFO:root:Finished updating finger
INFO:root:Updating finger 55
INFO:root:Finished updating finger
INFO:root:Updating finger 25
INFO:root:Finished updating finger
INFO:root:Updating finger 26
INFO:root:Finished updating finger
INFO:root:Updating finger 61
INFO:root:Finished updating finger
INFO:root:Updating finger 43
INFO:root:Finished updating finger
INFO:root:Updating finger 2
INFO:root:Finished updating finger
INFO:root:Updating finger 40
INFO:root:Finished updating finger
INFO:root:Updating finger 158
INFO:root:Finished updating finger
INFO:root:Updating finger 121
INFO:root:Finished updating finger
INFO:root:Performing an entire refresh of the finger table
INFO:root:Making request for fingertable construction
INFO:root:Got root node request
INFO:root:Updating finger 115
INFO:root:Finished updating finger
INFO:root:Updating finger 86
INFO:root:Finished updating finger
INFO:root:Updating finger 3
INFO:root:Finished updating finger
INFO:root:Updating finger 159
INFO:root:Finished updating finger
INFO:root:Updating finger 8
INFO:root:Finished updating finger
INFO:root:Updating finger 118
INFO:root:Finished updating finger
INFO:root:Updating finger 146
INFO:root:Finished updating finger
INFO:root:Updating finger 107
INFO:root:Finished updating finger
INFO:root:Updating finger 126
INFO:root:Finished updating finger
INFO:root:Updating finger 103
INFO:root:Finished updating finger
INFO:root:Updating finger 25
INFO:root:Finished updating finger
INFO:root:Updating finger 104
INFO:root:Finished updating finger
INFO:root:Updating finger 93
INFO:root:Finished updating finger
INFO:root:Updating finger 100
INFO:root:Finished updating finger
INFO:root:Updating finger 34
INFO:root:Finished updating finger
INFO:root:Updating finger 72
INFO:root:Finished updating finger
INFO:root:Updating finger 139
INFO:root:Finished updating finger
INFO:root:Updating finger 58
INFO:root:Finished updating finger
INFO:root:Updating finger 3
INFO:root:Finished updating finger
INFO:root:Updating finger 134
INFO:root:Finished updating finger
INFO:root:Updating finger 94
INFO:root:Finished updating finger
INFO:root:Updating finger 7
INFO:root:Finished updating finger
INFO:root:Updating finger 4
INFO:root:Finished updating finger
INFO:root:Updating finger 129
INFO:root:Finished updating finger
INFO:root:Updating finger 144
INFO:root:Finished updating finger
INFO:root:Updating finger 120
INFO:root:Finished updating finger
INFO:root:Updating finger 7
INFO:root:Finished updating finger
INFO:root:Updating finger 21
INFO:root:Finished updating finger
INFO:root:Updating finger 30
INFO:root:Finished updating finger
INFO:root:Updating finger 101
INFO:root:Finished updating finger
INFO:root:Updating finger 94
INFO:root:Finished updating finger
INFO:root:Updating finger 57
INFO:root:Finished updating finger
INFO:root:Updating finger 83
INFO:root:Finished updating finger
INFO:root:Updating finger 27
INFO:root:Finished updating finger
INFO:root:Updating finger 47
INFO:root:Finished updating finger
INFO:root:Updating finger 17
INFO:root:Finished updating finger
INFO:root:Updating finger 94
INFO:root:Finished updating finger
INFO:root:Updating finger 130
INFO:root:Finished updating finger
INFO:root:Updating finger 20
INFO:root:Finished updating finger
INFO:root:Updating finger 54
INFO:root:Finished updating finger
INFO:root:Updating finger 63
INFO:root:Finished updating finger
INFO:root:Updating finger 132
INFO:root:Finished updating finger
INFO:root:Updating finger 41
INFO:root:Finished updating finger
INFO:root:Updating finger 78
INFO:root:Finished updating finger
INFO:root:Updating finger 18
INFO:root:Finished updating finger
INFO:root:Updating finger 37
INFO:root:Finished updating finger
INFO:root:Updating finger 133
INFO:root:Finished updating finger
INFO:root:Updating finger 106
INFO:root:Finished updating finger
INFO:root:Updating finger 39
INFO:root:Finished updating finger
INFO:root:Updating finger 56
INFO:root:Finished updating finger
INFO:root:Updating finger 119
INFO:root:Finished updating finger
INFO:root:Updating finger 80
INFO:root:Finished updating finger
INFO:root:Updating finger 92
INFO:root:Finished updating finger
INFO:root:Updating finger 64
INFO:root:Finished updating finger
INFO:root:Updating finger 77
INFO:root:Finished updating finger
INFO:root:Updating finger 21
INFO:root:Finished updating finger
INFO:root:Updating finger 32
INFO:root:Finished updating finger
INFO:root:Updating finger 26
INFO:root:Finished updating finger
INFO:root:Updating finger 95
INFO:root:Finished updating finger
INFO:root:Updating finger 43
INFO:root:Finished updating finger
INFO:root:Updating finger 40
INFO:root:Finished updating finger
INFO:root:Updating finger 62
INFO:root:Finished updating finger
INFO:root:Performing an entire refresh of the finger table
INFO:root:Making request for fingertable construction
INFO:root:Updating finger 8
INFO:root:Finished updating finger
INFO:root:Updating finger 57
INFO:root:Finished updating finger
INFO:root:Got root node request
INFO:root:Updating finger 153
INFO:root:Finished updating finger
INFO:root:Updating finger 98
INFO:root:Finished updating finger
INFO:root:Updating finger 108
INFO:root:Finished updating finger
INFO:root:Updating finger 44
INFO:root:Finished updating finger
INFO:root:Updating finger 5
INFO:root:Finished updating finger
INFO:root:Updating finger 83
INFO:root:Finished updating finger
INFO:root:Updating finger 112
INFO:root:Finished updating finger
INFO:root:Updating finger 94
INFO:root:Finished updating finger
INFO:root:Updating finger 35
INFO:root:Finished updating finger
INFO:root:Updating finger 121
INFO:root:Finished updating finger
INFO:root:Updating finger 56
INFO:root:Finished updating finger
INFO:root:Updating finger 129
INFO:root:Finished updating finger
INFO:root:Updating finger 64
INFO:root:Finished updating finger
INFO:root:Updating finger 59
INFO:root:Finished updating finger
INFO:root:Updating finger 49
INFO:root:Finished updating finger
INFO:root:Updating finger 117
INFO:root:Finished updating finger
INFO:root:Updating finger 10
INFO:root:Finished updating finger
INFO:root:Updating finger 116
INFO:root:Finished updating finger
INFO:root:Updating finger 144
INFO:root:Finished updating finger
INFO:root:Updating finger 138
INFO:root:Finished updating finger
INFO:root:Updating finger 18
INFO:root:Finished updating finger
INFO:root:Updating finger 17
INFO:root:Finished updating finger
INFO:root:Updating finger 43
INFO:root:Finished updating finger
INFO:root:Updating finger 129
INFO:root:Finished updating finger
INFO:root:Updating finger 62
INFO:root:Finished updating finger
INFO:root:Updating finger 145
INFO:root:Finished updating finger
INFO:root:Updating finger 97
INFO:root:Finished updating finger
INFO:root:Updating finger 47
INFO:root:Finished updating finger
INFO:root:Updating finger 134
INFO:root:Finished updating finger
INFO:root:Updating finger 1
INFO:root:Finished updating finger
INFO:root:Updating finger 101
INFO:root:Finished updating finger
INFO:root:Updating finger 110
INFO:root:Finished updating finger
INFO:root:Updating finger 104
INFO:root:Finished updating finger
INFO:root:Updating finger 158
INFO:root:Finished updating finger
INFO:root:Updating finger 153
INFO:root:Finished updating finger
INFO:root:Updating finger 79
INFO:root:Finished updating finger
INFO:root:Updating finger 93
INFO:root:Finished updating finger
INFO:root:Updating finger 90
INFO:root:Finished updating finger
INFO:root:Updating finger 92
INFO:root:Finished updating finger
INFO:root:Updating finger 86
INFO:root:Finished updating finger
INFO:root:Updating finger 74
INFO:root:Finished updating finger
INFO:root:Updating finger 9
INFO:root:Finished updating finger
INFO:root:Updating finger 84
INFO:root:Finished updating finger
INFO:root:Updating finger 138
INFO:root:Finished updating finger
INFO:root:Updating finger 102
INFO:root:Finished updating finger
INFO:root:Updating finger 97
INFO:root:Finished updating finger
INFO:root:Updating finger 27
INFO:root:Finished updating finger
INFO:root:Updating finger 126
INFO:root:Finished updating finger
INFO:root:Updating finger 57
INFO:root:Finished updating finger
INFO:root:Updating finger 77
INFO:root:Finished updating finger
INFO:root:Updating finger 114
INFO:root:Finished updating finger
INFO:root:Updating finger 77
INFO:root:Finished updating finger
INFO:root:Updating finger 5
INFO:root:Finished updating finger
INFO:root:Updating finger 117
INFO:root:Finished updating finger
INFO:root:Updating finger 84
INFO:root:Finished updating finger
INFO:root:Updating finger 13
INFO:root:Finished updating finger
INFO:root:Updating finger 118
INFO:root:Finished updating finger
INFO:root:Updating finger 39
INFO:root:Finished updating finger
INFO:root:Updating finger 46
INFO:root:Finished updating finger
INFO:root:Updating finger 27
INFO:root:Finished updating finger
INFO:root:Performing an entire refresh of the finger table
INFO:root:Making request for fingertable construction
INFO:root:Got root node request
INFO:root:Updating finger 139
INFO:root:Finished updating finger
INFO:root:Updating finger 68
INFO:root:Finished updating finger
INFO:root:Updating finger 142
INFO:root:Finished updating finger
INFO:root:Updating finger 141
INFO:root:Finished updating finger
INFO:root:Updating finger 61
INFO:root:Finished updating finger
INFO:root:Updating finger 6
INFO:root:Finished updating finger
INFO:root:Updating finger 76
INFO:root:Finished updating finger
INFO:root:Updating finger 130
INFO:root:Finished updating finger
INFO:root:Updating finger 149
INFO:root:Finished updating finger
INFO:root:Updating finger 119
INFO:root:Finished updating finger
INFO:root:Updating finger 69
INFO:root:Finished updating finger
INFO:root:Updating finger 56
INFO:root:Finished updating finger
INFO:root:Updating finger 83
INFO:root:Finished updating finger
INFO:root:Updating finger 125
INFO:root:Finished updating finger
INFO:root:Updating finger 71
INFO:root:Finished updating finger
INFO:root:Updating finger 42
INFO:root:Finished updating finger
INFO:root:Updating finger 76
INFO:root:Finished updating finger
INFO:root:Updating finger 109
INFO:root:Finished updating finger
INFO:root:Updating finger 87
INFO:root:Finished updating finger
INFO:root:Updating finger 34
INFO:root:Finished updating finger
INFO:root:Updating finger 45
INFO:root:Finished updating finger
INFO:root:Updating finger 38
INFO:root:Finished updating finger
INFO:root:Updating finger 114
INFO:root:Finished updating finger
INFO:root:Updating finger 97
INFO:root:Finished updating finger
INFO:root:Updating finger 36
INFO:root:Finished updating finger
INFO:root:Updating finger 153
INFO:root:Finished updating finger
INFO:root:Updating finger 47
INFO:root:Finished updating finger
INFO:root:Updating finger 73
INFO:root:Finished updating finger
INFO:root:Updating finger 62
INFO:root:Finished updating finger
INFO:root:Updating finger 115
INFO:root:Finished updating finger
INFO:root:Updating finger 79
INFO:root:Finished updating finger
INFO:root:Updating finger 129
INFO:root:Finished updating finger
INFO:root:Updating finger 120
INFO:root:Finished updating finger
INFO:root:Updating finger 120
INFO:root:Finished updating finger
INFO:root:Updating finger 84
INFO:root:Finished updating finger
INFO:root:Updating finger 158
INFO:root:Finished updating finger
INFO:root:Updating finger 8
INFO:root:Finished updating finger
INFO:root:Updating finger 134
INFO:root:Finished updating finger
INFO:root:Updating finger 117
INFO:root:Finished updating finger
INFO:root:Updating finger 44
INFO:root:Finished updating finger
INFO:root:Updating finger 125
INFO:root:Finished updating finger
INFO:root:Updating finger 30
INFO:root:Finished updating finger
INFO:root:Updating finger 61
INFO:root:Finished updating finger
INFO:root:Updating finger 97
INFO:root:Finished updating finger
INFO:root:Updating finger 146
INFO:root:Finished updating finger
INFO:root:Updating finger 47
INFO:root:Finished updating finger
INFO:root:Updating finger 139
INFO:root:Finished updating finger
INFO:root:Updating finger 93
INFO:root:Finished updating finger
INFO:root:Updating finger 129
INFO:root:Finished updating finger
INFO:root:Updating finger 92
INFO:root:Finished updating finger
INFO:root:Updating finger 135
INFO:root:Finished updating finger
INFO:root:Updating finger 25
INFO:root:Finished updating finger
INFO:root:Updating finger 25
INFO:root:Finished updating finger
INFO:root:Updating finger 138
INFO:root:Finished updating finger
INFO:root:Updating finger 136
INFO:root:Finished updating finger
INFO:root:Updating finger 58
INFO:root:Finished updating finger
INFO:root:Got root node request
INFO:root:Updating finger 4
INFO:root:Finished updating finger
INFO:root:Updating finger 99
INFO:root:Finished updating finger
INFO:root:Updating finger 33
INFO:root:Finished updating finger
INFO:root:Updating finger 150
INFO:root:Finished updating finger
INFO:root:Updating finger 1
INFO:root:Finished updating finger
INFO:root:Updating finger 115
INFO:root:Finished updating finger
INFO:root:Performing an entire refresh of the finger table
INFO:root:Making request for fingertable construction
INFO:root:Updating finger 141
INFO:root:Finished updating finger
INFO:root:Updating finger 158
INFO:root:Finished updating finger
INFO:root:Updating finger 96
INFO:root:Finished updating finger
INFO:root:Updating finger 75
INFO:root:Finished updating finger
INFO:root:Updating finger 12
INFO:root:Finished updating finger
INFO:root:Updating finger 132
INFO:root:Finished updating finger
INFO:root:Updating finger 142
INFO:root:Finished updating finger
INFO:root:Updating finger 102
INFO:root:Finished updating finger
INFO:root:Updating finger 25
INFO:root:Finished updating finger
INFO:root:Updating finger 157
INFO:root:Finished updating finger
INFO:root:Updating finger 104
INFO:root:Finished updating finger
INFO:root:Updating finger 142
INFO:root:Finished updating finger
INFO:root:Updating finger 97
INFO:root:Finished updating finger
INFO:root:Updating finger 115
INFO:root:Finished updating finger
INFO:root:Updating finger 128
INFO:root:Finished updating finger
INFO:root:Updating finger 148
INFO:root:Finished updating finger
INFO:root:Updating finger 67
INFO:root:Finished updating finger
INFO:root:Updating finger 89
INFO:root:Finished updating finger
INFO:root:Updating finger 77
INFO:root:Finished updating finger
INFO:root:Updating finger 18
INFO:root:Finished updating finger
INFO:root:Updating finger 80
INFO:root:Finished updating finger
INFO:root:Updating finger 64
INFO:root:Finished updating finger
INFO:root:Updating finger 45
INFO:root:Finished updating finger
INFO:root:Updating finger 55
INFO:root:Finished updating finger
INFO:root:Updating finger 47
INFO:root:Finished updating finger
INFO:root:Updating finger 79
INFO:root:Finished updating finger
INFO:root:Updating finger 28
INFO:root:Finished updating finger
INFO:root:Updating finger 66
INFO:root:Finished updating finger
INFO:root:Updating finger 55
INFO:root:Finished updating finger
INFO:root:Updating finger 11
INFO:root:Finished updating finger
INFO:root:Updating finger 51
INFO:root:Finished updating finger
INFO:root:Updating finger 69
INFO:root:Finished updating finger
INFO:root:Updating finger 44
INFO:root:Finished updating finger
INFO:root:Updating finger 70
INFO:root:Finished updating finger
INFO:root:Updating finger 77
INFO:root:Finished updating finger
INFO:root:Updating finger 9
INFO:root:Finished updating finger
INFO:root:Updating finger 47
INFO:root:Finished updating finger
INFO:root:Updating finger 107
INFO:root:Finished updating finger
INFO:root:Updating finger 15
INFO:root:Finished updating finger
INFO:root:Updating finger 73
INFO:root:Finished updating finger
INFO:root:Updating finger 149
INFO:root:Finished updating finger
INFO:root:Updating finger 71
INFO:root:Finished updating finger
INFO:root:Updating finger 124
INFO:root:Finished updating finger
INFO:root:Updating finger 150
INFO:root:Finished updating finger
INFO:root:Updating finger 86
INFO:root:Finished updating finger
INFO:root:Updating finger 139
INFO:root:Finished updating finger
INFO:root:Updating finger 86
INFO:root:Finished updating finger
INFO:root:Updating finger 84
INFO:root:Finished updating finger
INFO:root:Updating finger 26
INFO:root:Finished updating finger
INFO:root:Updating finger 121
INFO:root:Finished updating finger
INFO:root:Updating finger 82
INFO:root:Finished updating finger
INFO:root:Updating finger 120
INFO:root:Finished updating finger
INFO:root:Updating finger 148
INFO:root:Finished updating finger
INFO:root:Updating finger 109
INFO:root:Finished updating finger
INFO:root:Updating finger 33
INFO:root:Finished updating finger
INFO:root:Updating finger 115
INFO:root:Finished updating finger
INFO:root:Updating finger 125
INFO:root:Finished updating finger
INFO:root:Got root node request
INFO:root:Updating finger 41
INFO:root:Finished updating finger
INFO:root:Updating finger 98
INFO:root:Finished updating finger
INFO:root:Updating finger 71
INFO:root:Finished updating finger
INFO:root:Updating finger 58
INFO:root:Finished updating finger
INFO:root:Updating finger 108
INFO:root:Finished updating finger
INFO:root:Performing an entire refresh of the finger table
INFO:root:Making request for fingertable construction
INFO:root:Updating finger 97
INFO:root:Finished updating finger
INFO:root:Updating finger 104
INFO:root:Finished updating finger
INFO:root:Updating finger 94
INFO:root:Finished updating finger
INFO:root:Updating finger 62
INFO:root:Finished updating finger
INFO:root:Updating finger 128
INFO:root:Finished updating finger
INFO:root:Updating finger 146
INFO:root:Finished updating finger
INFO:root:Updating finger 68
INFO:root:Finished updating finger
INFO:root:Updating finger 23
INFO:root:Finished updating finger
INFO:root:Updating finger 57
INFO:root:Finished updating finger
INFO:root:Updating finger 103
INFO:root:Finished updating finger
INFO:root:Updating finger 87
INFO:root:Finished updating finger
INFO:root:Updating finger 96
INFO:root:Finished updating finger
INFO:root:Updating finger 78
INFO:root:Finished updating finger
INFO:root:Updating finger 43
INFO:root:Finished updating finger
INFO:root:Updating finger 98
INFO:root:Finished updating finger
INFO:root:Updating finger 67
INFO:root:Finished updating finger
INFO:root:Updating finger 95
INFO:root:Finished updating finger
INFO:root:Updating finger 54
INFO:root:Finished updating finger
INFO:root:Updating finger 82
INFO:root:Finished updating finger
INFO:root:Updating finger 66
INFO:root:Finished updating finger
INFO:root:Updating finger 63
INFO:root:Finished updating finger
INFO:root:Updating finger 86
INFO:root:Finished updating finger
INFO:root:Updating finger 16
INFO:root:Finished updating finger
INFO:root:Updating finger 124
INFO:root:Finished updating finger
INFO:root:Updating finger 137
INFO:root:Finished updating finger
INFO:root:Updating finger 8
INFO:root:Finished updating finger
INFO:root:Updating finger 64
INFO:root:Finished updating finger
INFO:root:Updating finger 99
INFO:root:Finished updating finger
INFO:root:Updating finger 148
INFO:root:Finished updating finger
INFO:root:Updating finger 64
INFO:root:Finished updating finger
INFO:root:Updating finger 7
INFO:root:Finished updating finger
INFO:root:Updating finger 120
INFO:root:Finished updating finger
INFO:root:Updating finger 21
INFO:root:Finished updating finger
INFO:root:Updating finger 77
INFO:root:Finished updating finger
INFO:root:Updating finger 65
INFO:root:Finished updating finger
INFO:root:Updating finger 77
INFO:root:Finished updating finger
INFO:root:Updating finger 124
INFO:root:Finished updating finger
INFO:root:Updating finger 37
INFO:root:Finished updating finger
INFO:root:Updating finger 159
INFO:root:Finished updating finger
INFO:root:Updating finger 18
INFO:root:Finished updating finger
INFO:root:Updating finger 19
INFO:root:Finished updating finger
INFO:root:Updating finger 146
INFO:root:Finished updating finger
INFO:root:Updating finger 2
INFO:root:Finished updating finger
INFO:root:Updating finger 114
INFO:root:Finished updating finger
INFO:root:Updating finger 32
INFO:root:Finished updating finger
INFO:root:Updating finger 112
INFO:root:Finished updating finger
INFO:root:Updating finger 127
INFO:root:Finished updating finger
INFO:root:Updating finger 10
INFO:root:Finished updating finger
INFO:root:Updating finger 82
INFO:root:Finished updating finger
INFO:root:Updating finger 85
INFO:root:Finished updating finger
INFO:root:Updating finger 143
INFO:root:Finished updating finger
INFO:root:Updating finger 141
INFO:root:Finished updating finger
INFO:root:Updating finger 144
INFO:root:Finished updating finger
INFO:root:Updating finger 133
INFO:root:Finished updating finger
INFO:root:Updating finger 149
INFO:root:Finished updating finger
INFO:root:Updating finger 14
INFO:root:Finished updating finger
INFO:root:Updating finger 23
INFO:root:Finished updating finger
INFO:root:Got root node request
INFO:root:Updating finger 1
INFO:root:Finished updating finger
INFO:root:Updating finger 62
INFO:root:Finished updating finger
INFO:root:Updating finger 127
INFO:root:Finished updating finger
INFO:root:Updating finger 92
INFO:root:Finished updating finger
INFO:root:Updating finger 68
INFO:root:Finished updating finger
INFO:root:Performing an entire refresh of the finger table
INFO:root:Making request for fingertable construction
INFO:root:Updating finger 115
INFO:root:Finished updating finger
INFO:root:Updating finger 6
INFO:root:Finished updating finger
INFO:root:Updating finger 21
INFO:root:Finished updating finger
INFO:root:Updating finger 141
INFO:root:Finished updating finger
INFO:root:Updating finger 63
INFO:root:Finished updating finger
INFO:root:Updating finger 123
INFO:root:Finished updating finger
INFO:root:Updating finger 61
INFO:root:Finished updating finger
INFO:root:Updating finger 28
INFO:root:Finished updating finger
INFO:root:Updating finger 127
INFO:root:Finished updating finger
INFO:root:Updating finger 106
INFO:root:Finished updating finger
INFO:root:Updating finger 157
INFO:root:Finished updating finger
INFO:root:Updating finger 58
INFO:root:Finished updating finger
INFO:root:Updating finger 119
INFO:root:Finished updating finger
INFO:root:Updating finger 74
INFO:root:Finished updating finger
INFO:root:Updating finger 48
INFO:root:Finished updating finger
INFO:root:Updating finger 30
INFO:root:Finished updating finger
INFO:root:Updating finger 48
INFO:root:Finished updating finger
INFO:root:Updating finger 52
INFO:root:Finished updating finger
INFO:root:Updating finger 27
INFO:root:Finished updating finger
INFO:root:Updating finger 111
INFO:root:Finished updating finger
INFO:root:Updating finger 56
INFO:root:Finished updating finger
INFO:root:Updating finger 42
INFO:root:Finished updating finger
INFO:root:Updating finger 70
INFO:root:Finished updating finger
INFO:root:Updating finger 21
INFO:root:Finished updating finger
INFO:root:Updating finger 11
INFO:root:Finished updating finger
INFO:root:Updating finger 106
INFO:root:Finished updating finger
INFO:root:Updating finger 33
INFO:root:Finished updating finger
INFO:root:Updating finger 141
INFO:root:Finished updating finger
INFO:root:Updating finger 10
INFO:root:Finished updating finger
INFO:root:Updating finger 105
INFO:root:Finished updating finger
INFO:root:Updating finger 60
INFO:root:Finished updating finger
INFO:root:Updating finger 88
INFO:root:Finished updating finger
INFO:root:Updating finger 153
INFO:root:Finished updating finger
INFO:root:Updating finger 17
INFO:root:Finished updating finger
INFO:root:Updating finger 75
INFO:root:Finished updating finger
INFO:root:Updating finger 79
INFO:root:Finished updating finger
INFO:root:Updating finger 53
INFO:root:Finished updating finger
INFO:root:Updating finger 142
INFO:root:Finished updating finger
INFO:root:Updating finger 72
INFO:root:Finished updating finger
INFO:root:Updating finger 153
INFO:root:Finished updating finger
INFO:root:Updating finger 126
INFO:root:Finished updating finger
INFO:root:Updating finger 147
INFO:root:Finished updating finger
INFO:root:Updating finger 145
INFO:root:Finished updating finger
INFO:root:Updating finger 62
INFO:root:Finished updating finger
INFO:root:Updating finger 99
INFO:root:Finished updating finger
INFO:root:Updating finger 80
INFO:root:Finished updating finger
INFO:root:Updating finger 49
INFO:root:Finished updating finger
INFO:root:Updating finger 18
INFO:root:Finished updating finger
INFO:root:Updating finger 5
INFO:root:Finished updating finger
INFO:root:Updating finger 97
INFO:root:Finished updating finger
INFO:root:Updating finger 139
INFO:root:Finished updating finger
INFO:root:Updating finger 61
INFO:root:Finished updating finger
INFO:root:Updating finger 16
INFO:root:Finished updating finger
INFO:root:Updating finger 49
INFO:root:Finished updating finger
INFO:root:Updating finger 35
INFO:root:Finished updating finger
INFO:root:Updating finger 47
INFO:root:Finished updating finger
INFO:root:Updating finger 37
INFO:root:Finished updating finger
INFO:root:Updating finger 135
INFO:root:Finished updating finger
INFO:root:Updating finger 110
INFO:root:Finished updating finger
INFO:root:Got root node request
INFO:root:Updating finger 57
INFO:root:Finished updating finger
INFO:root:Updating finger 105
INFO:root:Finished updating finger
INFO:root:Updating finger 110
INFO:root:Finished updating finger
INFO:root:Performing an entire refresh of the finger table
INFO:root:Making request for fingertable construction
INFO:root:Updating finger 91
INFO:root:Finished updating finger
INFO:root:Updating finger 2
INFO:root:Finished updating finger
INFO:root:Updating finger 87
INFO:root:Finished updating finger
INFO:root:Updating finger 44
INFO:root:Finished updating finger
