INFO:root:Set listening port to 5555
INFO:root:Set my IP to 10.0.0.2
INFO:root:This ID: 0x5ab187e3bc6375b95a0250f2d8c66723de97dcb9
INFO:root:Sleeping for 1 seconds while listening threads are created.
INFO:root:Joining using existing node:10.0.0.1:5555
INFO:root:Updating Others
INFO:root:Joined the network
INFO:root:This ID: 0x5ab187e3bc6375b95a0250f2d8c66723de97dcb9
INFO:root:0xed1665c190146c4dcb8eb871f1d2499d61bb293b 10.0.0.1:5555 0x5ab187e3bc6375b95a0250f2d8c66723de97dcba
INFO:root:0xed1665c190146c4dcb8eb871f1d2499d61bb293b 10.0.0.1:5555 0x5ab187e3bc6375b95a0250f2d8c66723de97dcbb
INFO:root:0xed1665c190146c4dcb8eb871f1d2499d61bb293b 10.0.0.1:5555 0x5ab187e3bc6375b95a0250f2d8c66723de97dcbd
INFO:root:0xed1665c190146c4dcb8eb871f1d2499d61bb293b 10.0.0.1:5555 0x5ab187e3bc6375b95a0250f2d8c66723de97dcc1
INFO:root:0xed1665c190146c4dcb8eb871f1d2499d61bb293b 10.0.0.1:5555 0x5ab187e3bc6375b95a0250f2d8c66723de97dcc9
INFO:root:0xed1665c190146c4dcb8eb871f1d2499d61bb293b 10.0.0.1:5555 0x5ab187e3bc6375b95a0250f2d8c66723de97dcd9
INFO:root:0xed1665c190146c4dcb8eb871f1d2499d61bb293b 10.0.0.1:5555 0x5ab187e3bc6375b95a0250f2d8c66723de97dcf9
INFO:root:0xed1665c190146c4dcb8eb871f1d2499d61bb293b 10.0.0.1:5555 0x5ab187e3bc6375b95a0250f2d8c66723de97dd39
INFO:root:0xed1665c190146c4dcb8eb871f1d2499d61bb293b 10.0.0.1:5555 0x5ab187e3bc6375b95a0250f2d8c66723de97ddb9
INFO:root:0xed1665c190146c4dcb8eb871f1d2499d61bb293b 10.0.0.1:5555 0x5ab187e3bc6375b95a0250f2d8c66723de97deb9
INFO:root:0xed1665c190146c4dcb8eb871f1d2499d61bb293b 10.0.0.1:5555 0x5ab187e3bc6375b95a0250f2d8c66723de97e0b9
INFO:root:0xed1665c190146c4dcb8eb871f1d2499d61bb293b 10.0.0.1:5555 0x5ab187e3bc6375b95a0250f2d8c66723de97e4b9
INFO:root:0xed1665c190146c4dcb8eb871f1d2499d61bb293b 10.0.0.1:5555 0x5ab187e3bc6375b95a0250f2d8c66723de97ecb9
INFO:root:0xed1665c190146c4dcb8eb871f1d2499d61bb293b 10.0.0.1:5555 0x5ab187e3bc6375b95a0250f2d8c66723de97fcb9
INFO:root:0xed1665c190146c4dcb8eb871f1d2499d61bb293b 10.0.0.1:5555 0x5ab187e3bc6375b95a0250f2d8c66723de981cb9
INFO:root:0xed1665c190146c4dcb8eb871f1d2499d61bb293b 10.0.0.1:5555 0x5ab187e3bc6375b95a0250f2d8c66723de985cb9
INFO:root:0xed1665c190146c4dcb8eb871f1d2499d61bb293b 10.0.0.1:5555 0x5ab187e3bc6375b95a0250f2d8c66723de98dcb9
INFO:root:0xed1665c190146c4dcb8eb871f1d2499d61bb293b 10.0.0.1:5555 0x5ab187e3bc6375b95a0250f2d8c66723de99dcb9
INFO:root:0xed1665c190146c4dcb8eb871f1d2499d61bb293b 10.0.0.1:5555 0x5ab187e3bc6375b95a0250f2d8c66723de9bdcb9
INFO:root:0xed1665c190146c4dcb8eb871f1d2499d61bb293b 10.0.0.1:5555 0x5ab187e3bc6375b95a0250f2d8c66723de9fdcb9
INFO:root:0xed1665c190146c4dcb8eb871f1d2499d61bb293b 10.0.0.1:5555 0x5ab187e3bc6375b95a0250f2d8c66723dea7dcb9
INFO:root:0xed1665c190146c4dcb8eb871f1d2499d61bb293b 10.0.0.1:5555 0x5ab187e3bc6375b95a0250f2d8c66723deb7dcb9
INFO:root:0xed1665c190146c4dcb8eb871f1d2499d61bb293b 10.0.0.1:5555 0x5ab187e3bc6375b95a0250f2d8c66723ded7dcb9
INFO:root:0xed1665c190146c4dcb8eb871f1d2499d61bb293b 10.0.0.1:5555 0x5ab187e3bc6375b95a0250f2d8c66723df17dcb9
INFO:root:0xed1665c190146c4dcb8eb871f1d2499d61bb293b 10.0.0.1:5555 0x5ab187e3bc6375b95a0250f2d8c66723df97dcb9
INFO:root:0xed1665c190146c4dcb8eb871f1d2499d61bb293b 10.0.0.1:5555 0x5ab187e3bc6375b95a0250f2d8c66723e097dcb9
INFO:root:0xed1665c190146c4dcb8eb871f1d2499d61bb293b 10.0.0.1:5555 0x5ab187e3bc6375b95a0250f2d8c66723e297dcb9
INFO:root:0xed1665c190146c4dcb8eb871f1d2499d61bb293b 10.0.0.1:5555 0x5ab187e3bc6375b95a0250f2d8c66723e697dcb9
INFO:root:0xed1665c190146c4dcb8eb871f1d2499d61bb293b 10.0.0.1:5555 0x5ab187e3bc6375b95a0250f2d8c66723ee97dcb9
INFO:root:0xed1665c190146c4dcb8eb871f1d2499d61bb293b 10.0.0.1:5555 0x5ab187e3bc6375b95a0250f2d8c66723fe97dcb9
INFO:root:0xed1665c190146c4dcb8eb871f1d2499d61bb293b 10.0.0.1:5555 0x5ab187e3bc6375b95a0250f2d8c667241e97dcb9
INFO:root:0xed1665c190146c4dcb8eb871f1d2499d61bb293b 10.0.0.1:5555 0x5ab187e3bc6375b95a0250f2d8c667245e97dcb9
INFO:root:0xed1665c190146c4dcb8eb871f1d2499d61bb293b 10.0.0.1:5555 0x5ab187e3bc6375b95a0250f2d8c66724de97dcb9
INFO:root:0xed1665c190146c4dcb8eb871f1d2499d61bb293b 10.0.0.1:5555 0x5ab187e3bc6375b95a0250f2d8c66725de97dcb9
INFO:root:0xed1665c190146c4dcb8eb871f1d2499d61bb293b 10.0.0.1:5555 0x5ab187e3bc6375b95a0250f2d8c66727de97dcb9
INFO:root:0xed1665c190146c4dcb8eb871f1d2499d61bb293b 10.0.0.1:5555 0x5ab187e3bc6375b95a0250f2d8c6672bde97dcb9
INFO:root:0xed1665c190146c4dcb8eb871f1d2499d61bb293b 10.0.0.1:5555 0x5ab187e3bc6375b95a0250f2d8c66733de97dcb9
INFO:root:0xed1665c190146c4dcb8eb871f1d2499d61bb293b 10.0.0.1:5555 0x5ab187e3bc6375b95a0250f2d8c66743de97dcb9
INFO:root:0xed1665c190146c4dcb8eb871f1d2499d61bb293b 10.0.0.1:5555 0x5ab187e3bc6375b95a0250f2d8c66763de97dcb9
INFO:root:0xed1665c190146c4dcb8eb871f1d2499d61bb293b 10.0.0.1:5555 0x5ab187e3bc6375b95a0250f2d8c667a3de97dcb9
INFO:root:0xed1665c190146c4dcb8eb871f1d2499d61bb293b 10.0.0.1:5555 0x5ab187e3bc6375b95a0250f2d8c66823de97dcb9
INFO:root:0xed1665c190146c4dcb8eb871f1d2499d61bb293b 10.0.0.1:5555 0x5ab187e3bc6375b95a0250f2d8c66923de97dcb9
INFO:root:0xed1665c190146c4dcb8eb871f1d2499d61bb293b 10.0.0.1:5555 0x5ab187e3bc6375b95a0250f2d8c66b23de97dcb9
INFO:root:0xed1665c190146c4dcb8eb871f1d2499d61bb293b 10.0.0.1:5555 0x5ab187e3bc6375b95a0250f2d8c66f23de97dcb9
INFO:root:0xed1665c190146c4dcb8eb871f1d2499d61bb293b 10.0.0.1:5555 0x5ab187e3bc6375b95a0250f2d8c67723de97dcb9
INFO:root:0xed1665c190146c4dcb8eb871f1d2499d61bb293b 10.0.0.1:5555 0x5ab187e3bc6375b95a0250f2d8c68723de97dcb9
INFO:root:0xed1665c190146c4dcb8eb871f1d2499d61bb293b 10.0.0.1:5555 0x5ab187e3bc6375b95a0250f2d8c6a723de97dcb9
INFO:root:0xed1665c190146c4dcb8eb871f1d2499d61bb293b 10.0.0.1:5555 0x5ab187e3bc6375b95a0250f2d8c6e723de97dcb9
INFO:root:0xed1665c190146c4dcb8eb871f1d2499d61bb293b 10.0.0.1:5555 0x5ab187e3bc6375b95a0250f2d8c76723de97dcb9
INFO:root:0xed1665c190146c4dcb8eb871f1d2499d61bb293b 10.0.0.1:5555 0x5ab187e3bc6375b95a0250f2d8c86723de97dcb9
INFO:root:0xed1665c190146c4dcb8eb871f1d2499d61bb293b 10.0.0.1:5555 0x5ab187e3bc6375b95a0250f2d8ca6723de97dcb9
INFO:root:0xed1665c190146c4dcb8eb871f1d2499d61bb293b 10.0.0.1:5555 0x5ab187e3bc6375b95a0250f2d8ce6723de97dcb9
INFO:root:0xed1665c190146c4dcb8eb871f1d2499d61bb293b 10.0.0.1:5555 0x5ab187e3bc6375b95a0250f2d8d66723de97dcb9
INFO:root:0xed1665c190146c4dcb8eb871f1d2499d61bb293b 10.0.0.1:5555 0x5ab187e3bc6375b95a0250f2d8e66723de97dcb9
INFO:root:0xed1665c190146c4dcb8eb871f1d2499d61bb293b 10.0.0.1:5555 0x5ab187e3bc6375b95a0250f2d9066723de97dcb9
INFO:root:0xed1665c190146c4dcb8eb871f1d2499d61bb293b 10.0.0.1:5555 0x5ab187e3bc6375b95a0250f2d9466723de97dcb9
INFO:root:0xed1665c190146c4dcb8eb871f1d2499d61bb293b 10.0.0.1:5555 0x5ab187e3bc6375b95a0250f2d9c66723de97dcb9
INFO:root:0xed1665c190146c4dcb8eb871f1d2499d61bb293b 10.0.0.1:5555 0x5ab187e3bc6375b95a0250f2dac66723de97dcb9
INFO:root:0xed1665c190146c4dcb8eb871f1d2499d61bb293b 10.0.0.1:5555 0x5ab187e3bc6375b95a0250f2dcc66723de97dcb9
INFO:root:0xed1665c190146c4dcb8eb871f1d2499d61bb293b 10.0.0.1:5555 0x5ab187e3bc6375b95a0250f2e0c66723de97dcb9
INFO:root:0xed1665c190146c4dcb8eb871f1d2499d61bb293b 10.0.0.1:5555 0x5ab187e3bc6375b95a0250f2e8c66723de97dcb9
INFO:root:0xed1665c190146c4dcb8eb871f1d2499d61bb293b 10.0.0.1:5555 0x5ab187e3bc6375b95a0250f2f8c66723de97dcb9
INFO:root:0xed1665c190146c4dcb8eb871f1d2499d61bb293b 10.0.0.1:5555 0x5ab187e3bc6375b95a0250f318c66723de97dcb9
INFO:root:0xed1665c190146c4dcb8eb871f1d2499d61bb293b 10.0.0.1:5555 0x5ab187e3bc6375b95a0250f358c66723de97dcb9
INFO:root:0xed1665c190146c4dcb8eb871f1d2499d61bb293b 10.0.0.1:5555 0x5ab187e3bc6375b95a0250f3d8c66723de97dcb9
INFO:root:0xed1665c190146c4dcb8eb871f1d2499d61bb293b 10.0.0.1:5555 0x5ab187e3bc6375b95a0250f4d8c66723de97dcb9
INFO:root:0xed1665c190146c4dcb8eb871f1d2499d61bb293b 10.0.0.1:5555 0x5ab187e3bc6375b95a0250f6d8c66723de97dcb9
INFO:root:0xed1665c190146c4dcb8eb871f1d2499d61bb293b 10.0.0.1:5555 0x5ab187e3bc6375b95a0250fad8c66723de97dcb9
INFO:root:0xed1665c190146c4dcb8eb871f1d2499d61bb293b 10.0.0.1:5555 0x5ab187e3bc6375b95a025102d8c66723de97dcb9
INFO:root:0xed1665c190146c4dcb8eb871f1d2499d61bb293b 10.0.0.1:5555 0x5ab187e3bc6375b95a025112d8c66723de97dcb9
INFO:root:0xed1665c190146c4dcb8eb871f1d2499d61bb293b 10.0.0.1:5555 0x5ab187e3bc6375b95a025132d8c66723de97dcb9
INFO:root:0xed1665c190146c4dcb8eb871f1d2499d61bb293b 10.0.0.1:5555 0x5ab187e3bc6375b95a025172d8c66723de97dcb9
INFO:root:0xed1665c190146c4dcb8eb871f1d2499d61bb293b 10.0.0.1:5555 0x5ab187e3bc6375b95a0251f2d8c66723de97dcb9
INFO:root:0xed1665c190146c4dcb8eb871f1d2499d61bb293b 10.0.0.1:5555 0x5ab187e3bc6375b95a0252f2d8c66723de97dcb9
INFO:root:0xed1665c190146c4dcb8eb871f1d2499d61bb293b 10.0.0.1:5555 0x5ab187e3bc6375b95a0254f2d8c66723de97dcb9
INFO:root:0xed1665c190146c4dcb8eb871f1d2499d61bb293b 10.0.0.1:5555 0x5ab187e3bc6375b95a0258f2d8c66723de97dcb9
INFO:root:0xed1665c190146c4dcb8eb871f1d2499d61bb293b 10.0.0.1:5555 0x5ab187e3bc6375b95a0260f2d8c66723de97dcb9
INFO:root:0xed1665c190146c4dcb8eb871f1d2499d61bb293b 10.0.0.1:5555 0x5ab187e3bc6375b95a0270f2d8c66723de97dcb9
INFO:root:0xed1665c190146c4dcb8eb871f1d2499d61bb293b 10.0.0.1:5555 0x5ab187e3bc6375b95a0290f2d8c66723de97dcb9
INFO:root:0xed1665c190146c4dcb8eb871f1d2499d61bb293b 10.0.0.1:5555 0x5ab187e3bc6375b95a02d0f2d8c66723de97dcb9
INFO:root:0xed1665c190146c4dcb8eb871f1d2499d61bb293b 10.0.0.1:5555 0x5ab187e3bc6375b95a0350f2d8c66723de97dcb9
INFO:root:0xed1665c190146c4dcb8eb871f1d2499d61bb293b 10.0.0.1:5555 0x5ab187e3bc6375b95a0450f2d8c66723de97dcb9
INFO:root:0xed1665c190146c4dcb8eb871f1d2499d61bb293b 10.0.0.1:5555 0x5ab187e3bc6375b95a0650f2d8c66723de97dcb9
INFO:root:0xed1665c190146c4dcb8eb871f1d2499d61bb293b 10.0.0.1:5555 0x5ab187e3bc6375b95a0a50f2d8c66723de97dcb9
INFO:root:0xed1665c190146c4dcb8eb871f1d2499d61bb293b 10.0.0.1:5555 0x5ab187e3bc6375b95a1250f2d8c66723de97dcb9
INFO:root:0xed1665c190146c4dcb8eb871f1d2499d61bb293b 10.0.0.1:5555 0x5ab187e3bc6375b95a2250f2d8c66723de97dcb9
INFO:root:0xed1665c190146c4dcb8eb871f1d2499d61bb293b 10.0.0.1:5555 0x5ab187e3bc6375b95a4250f2d8c66723de97dcb9
INFO:root:0xed1665c190146c4dcb8eb871f1d2499d61bb293b 10.0.0.1:5555 0x5ab187e3bc6375b95a8250f2d8c66723de97dcb9
INFO:root:0xed1665c190146c4dcb8eb871f1d2499d61bb293b 10.0.0.1:5555 0x5ab187e3bc6375b95b0250f2d8c66723de97dcb9
INFO:root:0xed1665c190146c4dcb8eb871f1d2499d61bb293b 10.0.0.1:5555 0x5ab187e3bc6375b95c0250f2d8c66723de97dcb9
INFO:root:0xed1665c190146c4dcb8eb871f1d2499d61bb293b 10.0.0.1:5555 0x5ab187e3bc6375b95e0250f2d8c66723de97dcb9
INFO:root:0xed1665c190146c4dcb8eb871f1d2499d61bb293b 10.0.0.1:5555 0x5ab187e3bc6375b9620250f2d8c66723de97dcb9
INFO:root:0xed1665c190146c4dcb8eb871f1d2499d61bb293b 10.0.0.1:5555 0x5ab187e3bc6375b96a0250f2d8c66723de97dcb9
INFO:root:0xed1665c190146c4dcb8eb871f1d2499d61bb293b 10.0.0.1:5555 0x5ab187e3bc6375b97a0250f2d8c66723de97dcb9
INFO:root:0xed1665c190146c4dcb8eb871f1d2499d61bb293b 10.0.0.1:5555 0x5ab187e3bc6375b99a0250f2d8c66723de97dcb9
INFO:root:0xed1665c190146c4dcb8eb871f1d2499d61bb293b 10.0.0.1:5555 0x5ab187e3bc6375b9da0250f2d8c66723de97dcb9
INFO:root:0xed1665c190146c4dcb8eb871f1d2499d61bb293b 10.0.0.1:5555 0x5ab187e3bc6375ba5a0250f2d8c66723de97dcb9
INFO:root:0xed1665c190146c4dcb8eb871f1d2499d61bb293b 10.0.0.1:5555 0x5ab187e3bc6375bb5a0250f2d8c66723de97dcb9
INFO:root:0xed1665c190146c4dcb8eb871f1d2499d61bb293b 10.0.0.1:5555 0x5ab187e3bc6375bd5a0250f2d8c66723de97dcb9
INFO:root:0xed1665c190146c4dcb8eb871f1d2499d61bb293b 10.0.0.1:5555 0x5ab187e3bc6375c15a0250f2d8c66723de97dcb9
INFO:root:0xed1665c190146c4dcb8eb871f1d2499d61bb293b 10.0.0.1:5555 0x5ab187e3bc6375c95a0250f2d8c66723de97dcb9
INFO:root:0xed1665c190146c4dcb8eb871f1d2499d61bb293b 10.0.0.1:5555 0x5ab187e3bc6375d95a0250f2d8c66723de97dcb9
INFO:root:0xed1665c190146c4dcb8eb871f1d2499d61bb293b 10.0.0.1:5555 0x5ab187e3bc6375f95a0250f2d8c66723de97dcb9
INFO:root:0xed1665c190146c4dcb8eb871f1d2499d61bb293b 10.0.0.1:5555 0x5ab187e3bc6376395a0250f2d8c66723de97dcb9
INFO:root:0xed1665c190146c4dcb8eb871f1d2499d61bb293b 10.0.0.1:5555 0x5ab187e3bc6376b95a0250f2d8c66723de97dcb9
INFO:root:0xed1665c190146c4dcb8eb871f1d2499d61bb293b 10.0.0.1:5555 0x5ab187e3bc6377b95a0250f2d8c66723de97dcb9
INFO:root:0xed1665c190146c4dcb8eb871f1d2499d61bb293b 10.0.0.1:5555 0x5ab187e3bc6379b95a0250f2d8c66723de97dcb9
INFO:root:0xed1665c190146c4dcb8eb871f1d2499d61bb293b 10.0.0.1:5555 0x5ab187e3bc637db95a0250f2d8c66723de97dcb9
INFO:root:0xed1665c190146c4dcb8eb871f1d2499d61bb293b 10.0.0.1:5555 0x5ab187e3bc6385b95a0250f2d8c66723de97dcb9
INFO:root:0xed1665c190146c4dcb8eb871f1d2499d61bb293b 10.0.0.1:5555 0x5ab187e3bc6395b95a0250f2d8c66723de97dcb9
INFO:root:0xed1665c190146c4dcb8eb871f1d2499d61bb293b 10.0.0.1:5555 0x5ab187e3bc63b5b95a0250f2d8c66723de97dcb9
INFO:root:0xed1665c190146c4dcb8eb871f1d2499d61bb293b 10.0.0.1:5555 0x5ab187e3bc63f5b95a0250f2d8c66723de97dcb9
INFO:root:0xed1665c190146c4dcb8eb871f1d2499d61bb293b 10.0.0.1:5555 0x5ab187e3bc6475b95a0250f2d8c66723de97dcb9
INFO:root:0xed1665c190146c4dcb8eb871f1d2499d61bb293b 10.0.0.1:5555 0x5ab187e3bc6575b95a0250f2d8c66723de97dcb9
INFO:root:0xed1665c190146c4dcb8eb871f1d2499d61bb293b 10.0.0.1:5555 0x5ab187e3bc6775b95a0250f2d8c66723de97dcb9
INFO:root:0xed1665c190146c4dcb8eb871f1d2499d61bb293b 10.0.0.1:5555 0x5ab187e3bc6b75b95a0250f2d8c66723de97dcb9
INFO:root:0xed1665c190146c4dcb8eb871f1d2499d61bb293b 10.0.0.1:5555 0x5ab187e3bc7375b95a0250f2d8c66723de97dcb9
INFO:root:0xed1665c190146c4dcb8eb871f1d2499d61bb293b 10.0.0.1:5555 0x5ab187e3bc8375b95a0250f2d8c66723de97dcb9
INFO:root:0xed1665c190146c4dcb8eb871f1d2499d61bb293b 10.0.0.1:5555 0x5ab187e3bca375b95a0250f2d8c66723de97dcb9
INFO:root:0xed1665c190146c4dcb8eb871f1d2499d61bb293b 10.0.0.1:5555 0x5ab187e3bce375b95a0250f2d8c66723de97dcb9
INFO:root:0xed1665c190146c4dcb8eb871f1d2499d61bb293b 10.0.0.1:5555 0x5ab187e3bd6375b95a0250f2d8c66723de97dcb9
INFO:root:0xed1665c190146c4dcb8eb871f1d2499d61bb293b 10.0.0.1:5555 0x5ab187e3be6375b95a0250f2d8c66723de97dcb9
INFO:root:0xed1665c190146c4dcb8eb871f1d2499d61bb293b 10.0.0.1:5555 0x5ab187e3c06375b95a0250f2d8c66723de97dcb9
INFO:root:0xed1665c190146c4dcb8eb871f1d2499d61bb293b 10.0.0.1:5555 0x5ab187e3c46375b95a0250f2d8c66723de97dcb9
INFO:root:0xed1665c190146c4dcb8eb871f1d2499d61bb293b 10.0.0.1:5555 0x5ab187e3cc6375b95a0250f2d8c66723de97dcb9
INFO:root:0xed1665c190146c4dcb8eb871f1d2499d61bb293b 10.0.0.1:5555 0x5ab187e3dc6375b95a0250f2d8c66723de97dcb9
INFO:root:0xed1665c190146c4dcb8eb871f1d2499d61bb293b 10.0.0.1:5555 0x5ab187e3fc6375b95a0250f2d8c66723de97dcb9
INFO:root:0xed1665c190146c4dcb8eb871f1d2499d61bb293b 10.0.0.1:5555 0x5ab187e43c6375b95a0250f2d8c66723de97dcb9
INFO:root:0xed1665c190146c4dcb8eb871f1d2499d61bb293b 10.0.0.1:5555 0x5ab187e4bc6375b95a0250f2d8c66723de97dcb9
INFO:root:0xed1665c190146c4dcb8eb871f1d2499d61bb293b 10.0.0.1:5555 0x5ab187e5bc6375b95a0250f2d8c66723de97dcb9
INFO:root:0xed1665c190146c4dcb8eb871f1d2499d61bb293b 10.0.0.1:5555 0x5ab187e7bc6375b95a0250f2d8c66723de97dcb9
INFO:root:0xed1665c190146c4dcb8eb871f1d2499d61bb293b 10.0.0.1:5555 0x5ab187ebbc6375b95a0250f2d8c66723de97dcb9
INFO:root:0xed1665c190146c4dcb8eb871f1d2499d61bb293b 10.0.0.1:5555 0x5ab187f3bc6375b95a0250f2d8c66723de97dcb9
INFO:root:0xed1665c190146c4dcb8eb871f1d2499d61bb293b 10.0.0.1:5555 0x5ab18803bc6375b95a0250f2d8c66723de97dcb9
INFO:root:0xed1665c190146c4dcb8eb871f1d2499d61bb293b 10.0.0.1:5555 0x5ab18823bc6375b95a0250f2d8c66723de97dcb9
INFO:root:0xed1665c190146c4dcb8eb871f1d2499d61bb293b 10.0.0.1:5555 0x5ab18863bc6375b95a0250f2d8c66723de97dcb9
INFO:root:0xed1665c190146c4dcb8eb871f1d2499d61bb293b 10.0.0.1:5555 0x5ab188e3bc6375b95a0250f2d8c66723de97dcb9
INFO:root:0xed1665c190146c4dcb8eb871f1d2499d61bb293b 10.0.0.1:5555 0x5ab189e3bc6375b95a0250f2d8c66723de97dcb9
INFO:root:0xed1665c190146c4dcb8eb871f1d2499d61bb293b 10.0.0.1:5555 0x5ab18be3bc6375b95a0250f2d8c66723de97dcb9
INFO:root:0xed1665c190146c4dcb8eb871f1d2499d61bb293b 10.0.0.1:5555 0x5ab18fe3bc6375b95a0250f2d8c66723de97dcb9
INFO:root:0xed1665c190146c4dcb8eb871f1d2499d61bb293b 10.0.0.1:5555 0x5ab197e3bc6375b95a0250f2d8c66723de97dcb9
INFO:root:0xed1665c190146c4dcb8eb871f1d2499d61bb293b 10.0.0.1:5555 0x5ab1a7e3bc6375b95a0250f2d8c66723de97dcb9
INFO:root:0xed1665c190146c4dcb8eb871f1d2499d61bb293b 10.0.0.1:5555 0x5ab1c7e3bc6375b95a0250f2d8c66723de97dcb9
INFO:root:0xed1665c190146c4dcb8eb871f1d2499d61bb293b 10.0.0.1:5555 0x5ab207e3bc6375b95a0250f2d8c66723de97dcb9
INFO:root:0xed1665c190146c4dcb8eb871f1d2499d61bb293b 10.0.0.1:5555 0x5ab287e3bc6375b95a0250f2d8c66723de97dcb9
INFO:root:0xed1665c190146c4dcb8eb871f1d2499d61bb293b 10.0.0.1:5555 0x5ab387e3bc6375b95a0250f2d8c66723de97dcb9
INFO:root:0xed1665c190146c4dcb8eb871f1d2499d61bb293b 10.0.0.1:5555 0x5ab587e3bc6375b95a0250f2d8c66723de97dcb9
INFO:root:0xed1665c190146c4dcb8eb871f1d2499d61bb293b 10.0.0.1:5555 0x5ab987e3bc6375b95a0250f2d8c66723de97dcb9
INFO:root:0xed1665c190146c4dcb8eb871f1d2499d61bb293b 10.0.0.1:5555 0x5ac187e3bc6375b95a0250f2d8c66723de97dcb9
INFO:root:0xed1665c190146c4dcb8eb871f1d2499d61bb293b 10.0.0.1:5555 0x5ad187e3bc6375b95a0250f2d8c66723de97dcb9
INFO:root:0xed1665c190146c4dcb8eb871f1d2499d61bb293b 10.0.0.1:5555 0x5af187e3bc6375b95a0250f2d8c66723de97dcb9
INFO:root:0xed1665c190146c4dcb8eb871f1d2499d61bb293b 10.0.0.1:5555 0x5b3187e3bc6375b95a0250f2d8c66723de97dcb9
INFO:root:0xed1665c190146c4dcb8eb871f1d2499d61bb293b 10.0.0.1:5555 0x5bb187e3bc6375b95a0250f2d8c66723de97dcb9
INFO:root:0xed1665c190146c4dcb8eb871f1d2499d61bb293b 10.0.0.1:5555 0x5cb187e3bc6375b95a0250f2d8c66723de97dcb9
INFO:root:0xed1665c190146c4dcb8eb871f1d2499d61bb293b 10.0.0.1:5555 0x5eb187e3bc6375b95a0250f2d8c66723de97dcb9
INFO:root:0xed1665c190146c4dcb8eb871f1d2499d61bb293b 10.0.0.1:5555 0x62b187e3bc6375b95a0250f2d8c66723de97dcb9
INFO:root:0xed1665c190146c4dcb8eb871f1d2499d61bb293b 10.0.0.1:5555 0x6ab187e3bc6375b95a0250f2d8c66723de97dcb9
INFO:root:0xed1665c190146c4dcb8eb871f1d2499d61bb293b 10.0.0.1:5555 0x7ab187e3bc6375b95a0250f2d8c66723de97dcb9
INFO:root:0xed1665c190146c4dcb8eb871f1d2499d61bb293b 10.0.0.1:5555 0x9ab187e3bc6375b95a0250f2d8c66723de97dcb9
INFO:root:0xed1665c190146c4dcb8eb871f1d2499d61bb293b 10.0.0.1:5555 0xdab187e3bc6375b95a0250f2d8c66723de97dcb9
INFO:root:Pred: 0xed1665c190146c4dcb8eb871f1d2499d61bb293b
INFO:root:Farming successor list
INFO:root:Finished farming successor list
INFO:root:Updating finger 54
INFO:root:Finished updating finger
INFO:root:Got root node request
INFO:root:Farming successor list
INFO:root:Got root node request
INFO:root:Finished farming successor list
INFO:root:Updating finger 12
INFO:root:Finished updating finger
INFO:root:Updating finger 19
INFO:root:Finished updating finger
INFO:root:Updating finger 144
INFO:root:Finished updating finger
INFO:root:Updating finger 79
INFO:root:Finished updating finger
INFO:root:Updating finger 117
INFO:root:Finished updating finger
INFO:root:Updating finger 24
INFO:root:Finished updating finger
INFO:root:Updating finger 15
INFO:root:Finished updating finger
INFO:root:Updating finger 144
INFO:root:Finished updating finger
INFO:root:Updating finger 108
INFO:root:Finished updating finger
INFO:root:Updating finger 56
INFO:root:Finished updating finger
INFO:root:Updating finger 5
INFO:root:Finished updating finger
INFO:root:Updating finger 4
INFO:root:Finished updating finger
INFO:root:Updating finger 5
INFO:root:Finished updating finger
INFO:root:Updating finger 135
INFO:root:Finished updating finger
INFO:root:Updating finger 4
INFO:root:Finished updating finger
INFO:root:Updating finger 35
INFO:root:Finished updating finger
INFO:root:Updating finger 92
INFO:root:Finished updating finger
INFO:root:Updating finger 76
INFO:root:Finished updating finger
INFO:root:Updating finger 109
INFO:root:Finished updating finger
INFO:root:Updating finger 133
INFO:root:Finished updating finger
INFO:root:Updating finger 134
INFO:root:Finished updating finger
INFO:root:Updating finger 84
INFO:root:Finished updating finger
INFO:root:Updating finger 107
INFO:root:Finished updating finger
INFO:root:Updating finger 20
INFO:root:Finished updating finger
INFO:root:Updating finger 153
INFO:root:Finished updating finger
INFO:root:Updating finger 88
INFO:root:Finished updating finger
INFO:root:Updating finger 23
INFO:root:Finished updating finger
INFO:root:Updating finger 145
INFO:root:Finished updating finger
INFO:root:Updating finger 150
INFO:root:Finished updating finger
INFO:root:Updating finger 116
INFO:root:Finished updating finger
INFO:root:Updating finger 131
INFO:root:Finished updating finger
INFO:root:Updating finger 62
INFO:root:Finished updating finger
INFO:root:Updating finger 31
INFO:root:Finished updating finger
INFO:root:Updating finger 150
INFO:root:Finished updating finger
INFO:root:Updating finger 41
INFO:root:Finished updating finger
INFO:root:Updating finger 97
INFO:root:Finished updating finger
INFO:root:Updating finger 108
INFO:root:Finished updating finger
INFO:root:Updating finger 104
INFO:root:Finished updating finger
INFO:root:Updating finger 138
INFO:root:Finished updating finger
INFO:root:Updating finger 63
INFO:root:Finished updating finger
INFO:root:Updating finger 61
INFO:root:Finished updating finger
INFO:root:Updating finger 4
INFO:root:Finished updating finger
INFO:root:Updating finger 33
INFO:root:Finished updating finger
INFO:root:Updating finger 79
INFO:root:Finished updating finger
INFO:root:Updating finger 141
INFO:root:Finished updating finger
INFO:root:Updating finger 85
INFO:root:Finished updating finger
INFO:root:Updating finger 49
INFO:root:Finished updating finger
INFO:root:Updating finger 9
INFO:root:Finished updating finger
INFO:root:Updating finger 97
INFO:root:Finished updating finger
INFO:root:Updating finger 25
INFO:root:Finished updating finger
INFO:root:Updating finger 64
INFO:root:Finished updating finger
INFO:root:Updating finger 105
INFO:root:Finished updating finger
INFO:root:Updating finger 83
INFO:root:Finished updating finger
INFO:root:Updating finger 63
INFO:root:Finished updating finger
INFO:root:Updating finger 76
INFO:root:Finished updating finger
INFO:root:Updating finger 75
INFO:root:Finished updating finger
INFO:root:Updating finger 25
INFO:root:Finished updating finger
INFO:root:Updating finger 119
INFO:root:Finished updating finger
INFO:root:Updating finger 13
INFO:root:Finished updating finger
INFO:root:Updating finger 108
INFO:root:Finished updating finger
INFO:root:Updating finger 66
INFO:root:Finished updating finger
INFO:root:Performing an entire refresh of the finger table
INFO:root:Making request for fingertable construction
INFO:root:Updating finger 9
INFO:root:Finished updating finger
INFO:root:Updating finger 138
INFO:root:Finished updating finger
INFO:root:Got root node request
INFO:root:Updating finger 77
INFO:root:Finished updating finger
INFO:root:Updating finger 74
INFO:root:Finished updating finger
INFO:root:Updating finger 101
INFO:root:Finished updating finger
INFO:root:Updating finger 10
INFO:root:Finished updating finger
INFO:root:Updating finger 64
INFO:root:Finished updating finger
INFO:root:Updating finger 8
INFO:root:Finished updating finger
INFO:root:Updating finger 63
INFO:root:Finished updating finger
INFO:root:Updating finger 88
INFO:root:Finished updating finger
INFO:root:Updating finger 92
INFO:root:Finished updating finger
INFO:root:Updating finger 34
INFO:root:Finished updating finger
INFO:root:Updating finger 130
INFO:root:Finished updating finger
INFO:root:Updating finger 55
INFO:root:Finished updating finger
INFO:root:Updating finger 126
INFO:root:Finished updating finger
INFO:root:Updating finger 64
INFO:root:Finished updating finger
INFO:root:Updating finger 54
INFO:root:Finished updating finger
INFO:root:Updating finger 23
INFO:root:Finished updating finger
INFO:root:Updating finger 127
INFO:root:Finished updating finger
INFO:root:Updating finger 96
INFO:root:Finished updating finger
INFO:root:Updating finger 66
INFO:root:Finished updating finger
INFO:root:Updating finger 101
INFO:root:Finished updating finger
INFO:root:Updating finger 80
INFO:root:Finished updating finger
INFO:root:Updating finger 135
INFO:root:Finished updating finger
INFO:root:Updating finger 37
INFO:root:Finished updating finger
INFO:root:Updating finger 77
INFO:root:Finished updating finger
INFO:root:Updating finger 95
INFO:root:Finished updating finger
INFO:root:Updating finger 134
INFO:root:Finished updating finger
INFO:root:Updating finger 89
INFO:root:Finished updating finger
INFO:root:Updating finger 82
INFO:root:Finished updating finger
INFO:root:Updating finger 139
INFO:root:Finished updating finger
INFO:root:Updating finger 55
INFO:root:Finished updating finger
INFO:root:Updating finger 94
INFO:root:Finished updating finger
INFO:root:Updating finger 132
INFO:root:Finished updating finger
INFO:root:Updating finger 61
INFO:root:Finished updating finger
INFO:root:Updating finger 14
INFO:root:Finished updating finger
INFO:root:Updating finger 84
INFO:root:Finished updating finger
INFO:root:Updating finger 132
INFO:root:Finished updating finger
INFO:root:Updating finger 154
INFO:root:Finished updating finger
INFO:root:Updating finger 83
INFO:root:Finished updating finger
INFO:root:Updating finger 32
INFO:root:Finished updating finger
INFO:root:Updating finger 52
INFO:root:Finished updating finger
INFO:root:Updating finger 126
INFO:root:Finished updating finger
INFO:root:Updating finger 65
INFO:root:Finished updating finger
INFO:root:Updating finger 17
INFO:root:Finished updating finger
INFO:root:Updating finger 7
INFO:root:Finished updating finger
INFO:root:Updating finger 146
INFO:root:Finished updating finger
INFO:root:Updating finger 38
INFO:root:Finished updating finger
INFO:root:Updating finger 140
INFO:root:Finished updating finger
INFO:root:Updating finger 112
INFO:root:Finished updating finger
INFO:root:Updating finger 6
INFO:root:Finished updating finger
INFO:root:Updating finger 116
INFO:root:Finished updating finger
INFO:root:Updating finger 159
INFO:root:Finished updating finger
INFO:root:Updating finger 3
INFO:root:Finished updating finger
INFO:root:Updating finger 65
INFO:root:Finished updating finger
INFO:root:Updating finger 14
INFO:root:Finished updating finger
INFO:root:Updating finger 20
INFO:root:Finished updating finger
INFO:root:Updating finger 35
INFO:root:Finished updating finger
INFO:root:Updating finger 118
INFO:root:Finished updating finger
INFO:root:Updating finger 57
INFO:root:Finished updating finger
INFO:root:Updating finger 131
INFO:root:Finished updating finger
INFO:root:Updating finger 19
INFO:root:Finished updating finger
INFO:root:Performing an entire refresh of the finger table
INFO:root:Making request for fingertable construction
INFO:root:Updating finger 140
INFO:root:Finished updating finger
INFO:root:Got root node request
INFO:root:Updating finger 159
INFO:root:Finished updating finger
INFO:root:Updating finger 31
INFO:root:Finished updating finger
INFO:root:Updating finger 135
INFO:root:Finished updating finger
INFO:root:Updating finger 138
INFO:root:Finished updating finger
INFO:root:Updating finger 88
INFO:root:Finished updating finger
INFO:root:Updating finger 6
INFO:root:Finished updating finger
INFO:root:Updating finger 67
INFO:root:Finished updating finger
INFO:root:Updating finger 112
INFO:root:Finished updating finger
INFO:root:Updating finger 65
INFO:root:Finished updating finger
INFO:root:Updating finger 30
INFO:root:Finished updating finger
INFO:root:Updating finger 32
INFO:root:Finished updating finger
INFO:root:Updating finger 19
INFO:root:Finished updating finger
INFO:root:Updating finger 42
INFO:root:Finished updating finger
INFO:root:Updating finger 38
INFO:root:Finished updating finger
INFO:root:Updating finger 28
INFO:root:Finished updating finger
INFO:root:Updating finger 34
INFO:root:Finished updating finger
INFO:root:Updating finger 130
INFO:root:Finished updating finger
INFO:root:Updating finger 64
INFO:root:Finished updating finger
INFO:root:Updating finger 119
INFO:root:Finished updating finger
INFO:root:Updating finger 123
INFO:root:Finished updating finger
INFO:root:Updating finger 153
INFO:root:Finished updating finger
INFO:root:Updating finger 129
INFO:root:Finished updating finger
INFO:root:Updating finger 137
INFO:root:Finished updating finger
INFO:root:Updating finger 26
INFO:root:Finished updating finger
INFO:root:Updating finger 77
INFO:root:Finished updating finger
INFO:root:Updating finger 84
INFO:root:Finished updating finger
INFO:root:Updating finger 5
INFO:root:Finished updating finger
INFO:root:Updating finger 151
INFO:root:Finished updating finger
INFO:root:Updating finger 99
INFO:root:Finished updating finger
INFO:root:Updating finger 115
INFO:root:Finished updating finger
INFO:root:Updating finger 32
INFO:root:Finished updating finger
INFO:root:Updating finger 19
INFO:root:Finished updating finger
INFO:root:Updating finger 26
INFO:root:Finished updating finger
INFO:root:Updating finger 44
INFO:root:Finished updating finger
INFO:root:Updating finger 86
INFO:root:Finished updating finger
INFO:root:Updating finger 87
INFO:root:Finished updating finger
INFO:root:Updating finger 123
INFO:root:Finished updating finger
INFO:root:Updating finger 34
INFO:root:Finished updating finger
INFO:root:Updating finger 45
INFO:root:Finished updating finger
INFO:root:Updating finger 125
INFO:root:Finished updating finger
INFO:root:Updating finger 83
INFO:root:Finished updating finger
INFO:root:Updating finger 107
INFO:root:Finished updating finger
INFO:root:Updating finger 87
INFO:root:Finished updating finger
INFO:root:Updating finger 134
INFO:root:Finished updating finger
INFO:root:Updating finger 37
INFO:root:Finished updating finger
INFO:root:Updating finger 68
INFO:root:Finished updating finger
INFO:root:Updating finger 39
INFO:root:Finished updating finger
INFO:root:Updating finger 110
INFO:root:Finished updating finger
INFO:root:Updating finger 103
INFO:root:Finished updating finger
INFO:root:Updating finger 107
INFO:root:Finished updating finger
INFO:root:Updating finger 12
INFO:root:Finished updating finger
INFO:root:Updating finger 157
INFO:root:Finished updating finger
INFO:root:Updating finger 65
INFO:root:Finished updating finger
INFO:root:Updating finger 78
INFO:root:Finished updating finger
INFO:root:Updating finger 157
INFO:root:Finished updating finger
INFO:root:Updating finger 47
INFO:root:Finished updating finger
INFO:root:Updating finger 135
INFO:root:Finished updating finger
INFO:root:Updating finger 72
INFO:root:Finished updating finger
INFO:root:Updating finger 98
INFO:root:Finished updating finger
INFO:root:Updating finger 19
INFO:root:Finished updating finger
INFO:root:Updating finger 42
INFO:root:Finished updating finger
INFO:root:Performing an entire refresh of the finger table
INFO:root:Making request for fingertable construction
INFO:root:Updating finger 32
INFO:root:Finished updating finger
INFO:root:Updating finger 141
INFO:root:Finished updating finger
INFO:root:Got root node request
INFO:root:Updating finger 21
INFO:root:Finished updating finger
INFO:root:Updating finger 47
INFO:root:Finished updating finger
INFO:root:Updating finger 94
INFO:root:Finished updating finger
INFO:root:Updating finger 101
INFO:root:Finished updating finger
INFO:root:Updating finger 135
INFO:root:Finished updating finger
INFO:root:Updating finger 80
INFO:root:Finished updating finger
INFO:root:Updating finger 38
INFO:root:Finished updating finger
INFO:root:Updating finger 54
INFO:root:Finished updating finger
INFO:root:Updating finger 126
INFO:root:Finished updating finger
INFO:root:Updating finger 64
INFO:root:Finished updating finger
INFO:root:Updating finger 117
INFO:root:Finished updating finger
INFO:root:Updating finger 77
INFO:root:Finished updating finger
INFO:root:Updating finger 121
INFO:root:Finished updating finger
INFO:root:Updating finger 131
INFO:root:Finished updating finger
INFO:root:Updating finger 35
INFO:root:Finished updating finger
INFO:root:Updating finger 123
INFO:root:Finished updating finger
INFO:root:Updating finger 92
INFO:root:Finished updating finger
INFO:root:Updating finger 25
INFO:root:Finished updating finger
INFO:root:Updating finger 131
INFO:root:Finished updating finger
INFO:root:Updating finger 4
INFO:root:Finished updating finger
INFO:root:Updating finger 130
INFO:root:Finished updating finger
INFO:root:Updating finger 109
INFO:root:Finished updating finger
INFO:root:Updating finger 115
INFO:root:Finished updating finger
INFO:root:Updating finger 81
INFO:root:Finished updating finger
INFO:root:Updating finger 105
INFO:root:Finished updating finger
INFO:root:Updating finger 26
INFO:root:Finished updating finger
INFO:root:Updating finger 151
INFO:root:Finished updating finger
INFO:root:Updating finger 73
INFO:root:Finished updating finger
INFO:root:Updating finger 125
INFO:root:Finished updating finger
INFO:root:Updating finger 117
INFO:root:Finished updating finger
INFO:root:Updating finger 49
INFO:root:Finished updating finger
INFO:root:Updating finger 15
INFO:root:Finished updating finger
INFO:root:Updating finger 137
INFO:root:Finished updating finger
INFO:root:Updating finger 42
INFO:root:Finished updating finger
INFO:root:Updating finger 88
INFO:root:Finished updating finger
INFO:root:Updating finger 115
INFO:root:Finished updating finger
INFO:root:Updating finger 102
INFO:root:Finished updating finger
INFO:root:Updating finger 147
INFO:root:Finished updating finger
INFO:root:Updating finger 128
INFO:root:Finished updating finger
INFO:root:Updating finger 51
INFO:root:Finished updating finger
INFO:root:Updating finger 12
INFO:root:Finished updating finger
INFO:root:Updating finger 143
INFO:root:Finished updating finger
INFO:root:Updating finger 158
INFO:root:Finished updating finger
INFO:root:Updating finger 6
INFO:root:Finished updating finger
INFO:root:Updating finger 11
INFO:root:Finished updating finger
INFO:root:Updating finger 139
INFO:root:Finished updating finger
INFO:root:Updating finger 25
INFO:root:Finished updating finger
INFO:root:Updating finger 53
INFO:root:Finished updating finger
INFO:root:Updating finger 109
INFO:root:Finished updating finger
INFO:root:Updating finger 64
INFO:root:Finished updating finger
INFO:root:Updating finger 158
INFO:root:Finished updating finger
INFO:root:Updating finger 134
INFO:root:Finished updating finger
INFO:root:Updating finger 123
INFO:root:Finished updating finger
INFO:root:Updating finger 137
INFO:root:Finished updating finger
INFO:root:Updating finger 14
INFO:root:Finished updating finger
INFO:root:Updating finger 57
INFO:root:Finished updating finger
INFO:root:Updating finger 69
INFO:root:Finished updating finger
INFO:root:Updating finger 125
INFO:root:Finished updating finger
INFO:root:Updating finger 51
INFO:root:Finished updating finger
INFO:root:Updating finger 159
INFO:root:Finished updating finger
INFO:root:Performing an entire refresh of the finger table
INFO:root:Making request for fingertable construction
INFO:root:Updating finger 96
INFO:root:Finished updating finger
INFO:root:Updating finger 140
INFO:root:Finished updating finger
INFO:root:Updating finger 37
INFO:root:Finished updating finger
INFO:root:Updating finger 74
INFO:root:Finished updating finger
INFO:root:Got root node request
INFO:root:Updating finger 1
INFO:root:Finished updating finger
INFO:root:Updating finger 66
INFO:root:Finished updating finger
INFO:root:Updating finger 84
INFO:root:Finished updating finger
INFO:root:Updating finger 86
INFO:root:Finished updating finger
INFO:root:Updating finger 101
INFO:root:Finished updating finger
INFO:root:Updating finger 64
INFO:root:Finished updating finger
INFO:root:Updating finger 44
INFO:root:Finished updating finger
INFO:root:Updating finger 108
INFO:root:Finished updating finger
INFO:root:Updating finger 30
INFO:root:Finished updating finger
INFO:root:Updating finger 74
INFO:root:Finished updating finger
INFO:root:Updating finger 35
INFO:root:Finished updating finger
INFO:root:Updating finger 40
INFO:root:Finished updating finger
INFO:root:Updating finger 79
INFO:root:Finished updating finger
INFO:root:Updating finger 38
INFO:root:Finished updating finger
INFO:root:Updating finger 101
INFO:root:Finished updating finger
INFO:root:Updating finger 25
INFO:root:Finished updating finger
INFO:root:Updating finger 106
INFO:root:Finished updating finger
INFO:root:Updating finger 110
INFO:root:Finished updating finger
INFO:root:Updating finger 9
INFO:root:Finished updating finger
INFO:root:Updating finger 153
INFO:root:Finished updating finger
INFO:root:Updating finger 42
INFO:root:Finished updating finger
INFO:root:Updating finger 98
INFO:root:Finished updating finger
INFO:root:Updating finger 97
INFO:root:Finished updating finger
INFO:root:Updating finger 1
INFO:root:Finished updating finger
INFO:root:Updating finger 12
INFO:root:Finished updating finger
INFO:root:Updating finger 151
INFO:root:Finished updating finger
INFO:root:Updating finger 20
INFO:root:Finished updating finger
INFO:root:Updating finger 133
INFO:root:Finished updating finger
INFO:root:Updating finger 65
INFO:root:Finished updating finger
INFO:root:Updating finger 73
INFO:root:Finished updating finger
INFO:root:Updating finger 99
INFO:root:Finished updating finger
INFO:root:Updating finger 147
INFO:root:Finished updating finger
INFO:root:Updating finger 105
INFO:root:Finished updating finger
INFO:root:Updating finger 11
INFO:root:Finished updating finger
INFO:root:Updating finger 126
INFO:root:Finished updating finger
INFO:root:Updating finger 91
INFO:root:Finished updating finger
INFO:root:Updating finger 5
INFO:root:Finished updating finger
INFO:root:Updating finger 83
INFO:root:Finished updating finger
INFO:root:Updating finger 36
INFO:root:Finished updating finger
INFO:root:Updating finger 84
INFO:root:Finished updating finger
INFO:root:Updating finger 22
INFO:root:Finished updating finger
INFO:root:Updating finger 80
INFO:root:Finished updating finger
INFO:root:Updating finger 49
INFO:root:Finished updating finger
INFO:root:Updating finger 105
INFO:root:Finished updating finger
INFO:root:Updating finger 67
INFO:root:Finished updating finger
INFO:root:Updating finger 154
INFO:root:Finished updating finger
INFO:root:Updating finger 92
INFO:root:Finished updating finger
INFO:root:Updating finger 126
INFO:root:Finished updating finger
INFO:root:Updating finger 22
INFO:root:Finished updating finger
INFO:root:Updating finger 52
INFO:root:Finished updating finger
INFO:root:Updating finger 49
INFO:root:Finished updating finger
INFO:root:Updating finger 143
INFO:root:Finished updating finger
INFO:root:Updating finger 103
INFO:root:Finished updating finger
INFO:root:Updating finger 2
INFO:root:Finished updating finger
INFO:root:Updating finger 62
INFO:root:Finished updating finger
INFO:root:Updating finger 24
INFO:root:Finished updating finger
INFO:root:Updating finger 57
INFO:root:Finished updating finger
INFO:root:Updating finger 64
INFO:root:Finished updating finger
INFO:root:Performing an entire refresh of the finger table
INFO:root:Making request for fingertable construction
INFO:root:Updating finger 19
INFO:root:Finished updating finger
INFO:root:Updating finger 133
INFO:root:Finished updating finger
INFO:root:Got root node request
INFO:root:Updating finger 76
INFO:root:Finished updating finger
INFO:root:Updating finger 26
INFO:root:Finished updating finger
INFO:root:Updating finger 136
INFO:root:Finished updating finger
INFO:root:Updating finger 76
INFO:root:Finished updating finger
INFO:root:Updating finger 84
INFO:root:Finished updating finger
INFO:root:Updating finger 35
INFO:root:Finished updating finger
INFO:root:Updating finger 114
INFO:root:Finished updating finger
INFO:root:Updating finger 71
INFO:root:Finished updating finger
INFO:root:Updating finger 45
INFO:root:Finished updating finger
INFO:root:Updating finger 33
INFO:root:Finished updating finger
INFO:root:Updating finger 130
INFO:root:Finished updating finger
INFO:root:Updating finger 1
INFO:root:Finished updating finger
INFO:root:Updating finger 43
INFO:root:Finished updating finger
INFO:root:Updating finger 142
INFO:root:Finished updating finger
INFO:root:Updating finger 47
INFO:root:Finished updating finger
INFO:root:Updating finger 123
INFO:root:Finished updating finger
INFO:root:Updating finger 119
INFO:root:Finished updating finger
INFO:root:Updating finger 12
INFO:root:Finished updating finger
INFO:root:Updating finger 61
INFO:root:Finished updating finger
INFO:root:Updating finger 119
INFO:root:Finished updating finger
INFO:root:Updating finger 133
INFO:root:Finished updating finger
INFO:root:Updating finger 19
INFO:root:Finished updating finger
INFO:root:Updating finger 122
INFO:root:Finished updating finger
INFO:root:Updating finger 74
INFO:root:Finished updating finger
INFO:root:Updating finger 53
INFO:root:Finished updating finger
INFO:root:Updating finger 109
INFO:root:Finished updating finger
INFO:root:Updating finger 62
INFO:root:Finished updating finger
INFO:root:Updating finger 133
INFO:root:Finished updating finger
INFO:root:Updating finger 31
INFO:root:Finished updating finger
INFO:root:Updating finger 19
INFO:root:Finished updating finger
INFO:root:Updating finger 136
INFO:root:Finished updating finger
INFO:root:Updating finger 79
INFO:root:Finished updating finger
INFO:root:Updating finger 89
INFO:root:Finished updating finger
INFO:root:Updating finger 99
INFO:root:Finished updating finger
INFO:root:Updating finger 145
INFO:root:Finished updating finger
INFO:root:Updating finger 18
INFO:root:Finished updating finger
INFO:root:Updating finger 64
INFO:root:Finished updating finger
INFO:root:Updating finger 97
INFO:root:Finished updating finger
INFO:root:Updating finger 12
INFO:root:Finished updating finger
INFO:root:Updating finger 136
INFO:root:Finished updating finger
INFO:root:Updating finger 21
INFO:root:Finished updating finger
INFO:root:Updating finger 83
INFO:root:Finished updating finger
INFO:root:Updating finger 44
INFO:root:Finished updating finger
INFO:root:Updating finger 66
INFO:root:Finished updating finger
INFO:root:Updating finger 147
INFO:root:Finished updating finger
INFO:root:Updating finger 110
INFO:root:Finished updating finger
INFO:root:Updating finger 46
INFO:root:Finished updating finger
INFO:root:Updating finger 101
INFO:root:Finished updating finger
INFO:root:Updating finger 26
INFO:root:Finished updating finger
INFO:root:Updating finger 71
INFO:root:Finished updating finger
INFO:root:Updating finger 32
INFO:root:Finished updating finger
INFO:root:Updating finger 74
INFO:root:Finished updating finger
INFO:root:Updating finger 153
INFO:root:Finished updating finger
INFO:root:Updating finger 154
INFO:root:Finished updating finger
INFO:root:Updating finger 59
INFO:root:Finished updating finger
INFO:root:Updating finger 133
INFO:root:Finished updating finger
INFO:root:Updating finger 43
INFO:root:Finished updating finger
INFO:root:Updating finger 3
INFO:root:Finished updating finger
INFO:root:Updating finger 79
INFO:root:Finished updating finger
INFO:root:Updating finger 135
INFO:root:Finished updating finger
INFO:root:Performing an entire refresh of the finger table
INFO:root:Making request for fingertable construction
INFO:root:Updating finger 21
INFO:root:Finished updating finger
INFO:root:Updating finger 147
INFO:root:Finished updating finger
INFO:root:Updating finger 7
INFO:root:Finished updating finger
INFO:root:Updating finger 39
INFO:root:Finished updating finger
INFO:root:Got root node request
INFO:root:Updating finger 24
INFO:root:Finished updating finger
INFO:root:Updating finger 105
INFO:root:Finished updating finger
INFO:root:Updating finger 136
INFO:root:Finished updating finger
INFO:root:Updating finger 37
INFO:root:Finished updating finger
INFO:root:Updating finger 93
INFO:root:Finished updating finger
INFO:root:Updating finger 8
INFO:root:Finished updating finger
INFO:root:Updating finger 17
INFO:root:Finished updating finger
INFO:root:Updating finger 10
INFO:root:Finished updating finger
INFO:root:Updating finger 152
INFO:root:Finished updating finger
INFO:root:Updating finger 119
INFO:root:Finished updating finger
INFO:root:Updating finger 18
INFO:root:Finished updating finger
INFO:root:Updating finger 128
INFO:root:Finished updating finger
INFO:root:Updating finger 56
INFO:root:Finished updating finger
INFO:root:Updating finger 155
INFO:root:Finished updating finger
INFO:root:Updating finger 154
INFO:root:Finished updating finger
INFO:root:Updating finger 111
INFO:root:Finished updating finger
INFO:root:Updating finger 45
INFO:root:Finished updating finger
INFO:root:Updating finger 23
INFO:root:Finished updating finger
INFO:root:Updating finger 144
INFO:root:Finished updating finger
INFO:root:Updating finger 20
INFO:root:Finished updating finger
INFO:root:Updating finger 6
INFO:root:Finished updating finger
INFO:root:Updating finger 148
INFO:root:Finished updating finger
INFO:root:Updating finger 60
INFO:root:Finished updating finger
INFO:root:Updating finger 16
INFO:root:Finished updating finger
INFO:root:Updating finger 98
INFO:root:Finished updating finger
INFO:root:Updating finger 79
INFO:root:Finished updating finger
INFO:root:Updating finger 83
INFO:root:Finished updating finger
INFO:root:Updating finger 79
INFO:root:Finished updating finger
INFO:root:Updating finger 74
INFO:root:Finished updating finger
INFO:root:Updating finger 114
INFO:root:Finished updating finger
INFO:root:Updating finger 125
INFO:root:Finished updating finger
INFO:root:Updating finger 14
INFO:root:Finished updating finger
INFO:root:Updating finger 130
INFO:root:Finished updating finger
INFO:root:Updating finger 44
INFO:root:Finished updating finger
INFO:root:Updating finger 136
INFO:root:Finished updating finger
INFO:root:Updating finger 154
INFO:root:Finished updating finger
INFO:root:Updating finger 87
INFO:root:Finished updating finger
INFO:root:Updating finger 40
INFO:root:Finished updating finger
INFO:root:Updating finger 76
INFO:root:Finished updating finger
INFO:root:Updating finger 150
INFO:root:Finished updating finger
INFO:root:Updating finger 122
INFO:root:Finished updating finger
INFO:root:Updating finger 135
INFO:root:Finished updating finger
INFO:root:Updating finger 150
INFO:root:Finished updating finger
INFO:root:Updating finger 21
INFO:root:Finished updating finger
INFO:root:Updating finger 134
INFO:root:Finished updating finger
INFO:root:Updating finger 133
INFO:root:Finished updating finger
INFO:root:Updating finger 148
INFO:root:Finished updating finger
INFO:root:Updating finger 109
INFO:root:Finished updating finger
INFO:root:Updating finger 75
INFO:root:Finished updating finger
INFO:root:Updating finger 143
INFO:root:Finished updating finger
INFO:root:Updating finger 137
INFO:root:Finished updating finger
INFO:root:Updating finger 19
INFO:root:Finished updating finger
INFO:root:Updating finger 46
INFO:root:Finished updating finger
INFO:root:Updating finger 52
INFO:root:Finished updating finger
INFO:root:Updating finger 7
INFO:root:Finished updating finger
INFO:root:Updating finger 42
INFO:root:Finished updating finger
INFO:root:Updating finger 12
INFO:root:Finished updating finger
INFO:root:Updating finger 122
INFO:root:Finished updating finger
INFO:root:Performing an entire refresh of the finger table
INFO:root:Making request for fingertable construction
INFO:root:Updating finger 134
INFO:root:Finished updating finger
INFO:root:Updating finger 18
INFO:root:Finished updating finger
INFO:root:Updating finger 146
INFO:root:Finished updating finger
INFO:root:Updating finger 75
INFO:root:Finished updating finger
INFO:root:Updating finger 66
INFO:root:Finished updating finger
INFO:root:Updating finger 139
INFO:root:Finished updating finger
INFO:root:Got root node request
INFO:root:Updating finger 130
INFO:root:Finished updating finger
INFO:root:Updating finger 149
INFO:root:Finished updating finger
INFO:root:Updating finger 131
INFO:root:Finished updating finger
INFO:root:Updating finger 130
INFO:root:Finished updating finger
INFO:root:Updating finger 150
INFO:root:Finished updating finger
INFO:root:Updating finger 114
INFO:root:Finished updating finger
