INFO:root:Set listening port to 5555
INFO:root:Set my IP to 10.0.0.3
INFO:root:This ID: 0xd854e2039a3e27436167f5e1bd2b0544a1fddd7d
INFO:root:Sleeping for 1 seconds while listening threads are created.
INFO:root:Joining using existing node:10.0.0.2:5555
INFO:root:Making request for fingertable construction
INFO:root:Updating Others
INFO:root:Joined the network
INFO:root:This ID: 0xd854e2039a3e27436167f5e1bd2b0544a1fddd7d
INFO:root:0xed1665c190146c4dcb8eb871f1d2499d61bb293b 10.0.0.1:5555 0xd854e2039a3e27436167f5e1bd2b0544a1fddd7e
INFO:root:0xed1665c190146c4dcb8eb871f1d2499d61bb293b 10.0.0.1:5555 0xd854e2039a3e27436167f5e1bd2b0544a1fddd7f
INFO:root:0xed1665c190146c4dcb8eb871f1d2499d61bb293b 10.0.0.1:5555 0xd854e2039a3e27436167f5e1bd2b0544a1fddd81
INFO:root:0xed1665c190146c4dcb8eb871f1d2499d61bb293b 10.0.0.1:5555 0xd854e2039a3e27436167f5e1bd2b0544a1fddd85
INFO:root:0xed1665c190146c4dcb8eb871f1d2499d61bb293b 10.0.0.1:5555 0xd854e2039a3e27436167f5e1bd2b0544a1fddd8d
INFO:root:0xed1665c190146c4dcb8eb871f1d2499d61bb293b 10.0.0.1:5555 0xd854e2039a3e27436167f5e1bd2b0544a1fddd9d
INFO:root:0xed1665c190146c4dcb8eb871f1d2499d61bb293b 10.0.0.1:5555 0xd854e2039a3e27436167f5e1bd2b0544a1fdddbd
INFO:root:0xed1665c190146c4dcb8eb871f1d2499d61bb293b 10.0.0.1:5555 0xd854e2039a3e27436167f5e1bd2b0544a1fdddfd
INFO:root:0xed1665c190146c4dcb8eb871f1d2499d61bb293b 10.0.0.1:5555 0xd854e2039a3e27436167f5e1bd2b0544a1fdde7d
INFO:root:0xed1665c190146c4dcb8eb871f1d2499d61bb293b 10.0.0.1:5555 0xd854e2039a3e27436167f5e1bd2b0544a1fddf7d
INFO:root:0xed1665c190146c4dcb8eb871f1d2499d61bb293b 10.0.0.1:5555 0xd854e2039a3e27436167f5e1bd2b0544a1fde17d
INFO:root:0xed1665c190146c4dcb8eb871f1d2499d61bb293b 10.0.0.1:5555 0xd854e2039a3e27436167f5e1bd2b0544a1fde57d
INFO:root:0xed1665c190146c4dcb8eb871f1d2499d61bb293b 10.0.0.1:5555 0xd854e2039a3e27436167f5e1bd2b0544a1fded7d
INFO:root:0xed1665c190146c4dcb8eb871f1d2499d61bb293b 10.0.0.1:5555 0xd854e2039a3e27436167f5e1bd2b0544a1fdfd7d
INFO:root:0xed1665c190146c4dcb8eb871f1d2499d61bb293b 10.0.0.1:5555 0xd854e2039a3e27436167f5e1bd2b0544a1fe1d7d
INFO:root:0xed1665c190146c4dcb8eb871f1d2499d61bb293b 10.0.0.1:5555 0xd854e2039a3e27436167f5e1bd2b0544a1fe5d7d
INFO:root:0xed1665c190146c4dcb8eb871f1d2499d61bb293b 10.0.0.1:5555 0xd854e2039a3e27436167f5e1bd2b0544a1fedd7d
INFO:root:0xed1665c190146c4dcb8eb871f1d2499d61bb293b 10.0.0.1:5555 0xd854e2039a3e27436167f5e1bd2b0544a1ffdd7d
INFO:root:0xed1665c190146c4dcb8eb871f1d2499d61bb293b 10.0.0.1:5555 0xd854e2039a3e27436167f5e1bd2b0544a201dd7d
INFO:root:0xed1665c190146c4dcb8eb871f1d2499d61bb293b 10.0.0.1:5555 0xd854e2039a3e27436167f5e1bd2b0544a205dd7d
INFO:root:0xed1665c190146c4dcb8eb871f1d2499d61bb293b 10.0.0.1:5555 0xd854e2039a3e27436167f5e1bd2b0544a20ddd7d
INFO:root:0xed1665c190146c4dcb8eb871f1d2499d61bb293b 10.0.0.1:5555 0xd854e2039a3e27436167f5e1bd2b0544a21ddd7d
INFO:root:0xed1665c190146c4dcb8eb871f1d2499d61bb293b 10.0.0.1:5555 0xd854e2039a3e27436167f5e1bd2b0544a23ddd7d
INFO:root:0xed1665c190146c4dcb8eb871f1d2499d61bb293b 10.0.0.1:5555 0xd854e2039a3e27436167f5e1bd2b0544a27ddd7d
INFO:root:0xed1665c190146c4dcb8eb871f1d2499d61bb293b 10.0.0.1:5555 0xd854e2039a3e27436167f5e1bd2b0544a2fddd7d
INFO:root:0xed1665c190146c4dcb8eb871f1d2499d61bb293b 10.0.0.1:5555 0xd854e2039a3e27436167f5e1bd2b0544a3fddd7d
INFO:root:0xed1665c190146c4dcb8eb871f1d2499d61bb293b 10.0.0.1:5555 0xd854e2039a3e27436167f5e1bd2b0544a5fddd7d
INFO:root:0xed1665c190146c4dcb8eb871f1d2499d61bb293b 10.0.0.1:5555 0xd854e2039a3e27436167f5e1bd2b0544a9fddd7d
INFO:root:0xed1665c190146c4dcb8eb871f1d2499d61bb293b 10.0.0.1:5555 0xd854e2039a3e27436167f5e1bd2b0544b1fddd7d
INFO:root:0xed1665c190146c4dcb8eb871f1d2499d61bb293b 10.0.0.1:5555 0xd854e2039a3e27436167f5e1bd2b0544c1fddd7d
INFO:root:0xed1665c190146c4dcb8eb871f1d2499d61bb293b 10.0.0.1:5555 0xd854e2039a3e27436167f5e1bd2b0544e1fddd7d
INFO:root:0xed1665c190146c4dcb8eb871f1d2499d61bb293b 10.0.0.1:5555 0xd854e2039a3e27436167f5e1bd2b054521fddd7d
INFO:root:0xed1665c190146c4dcb8eb871f1d2499d61bb293b 10.0.0.1:5555 0xd854e2039a3e27436167f5e1bd2b0545a1fddd7d
INFO:root:0xed1665c190146c4dcb8eb871f1d2499d61bb293b 10.0.0.1:5555 0xd854e2039a3e27436167f5e1bd2b0546a1fddd7d
INFO:root:0xed1665c190146c4dcb8eb871f1d2499d61bb293b 10.0.0.1:5555 0xd854e2039a3e27436167f5e1bd2b0548a1fddd7d
INFO:root:0xed1665c190146c4dcb8eb871f1d2499d61bb293b 10.0.0.1:5555 0xd854e2039a3e27436167f5e1bd2b054ca1fddd7d
INFO:root:0xed1665c190146c4dcb8eb871f1d2499d61bb293b 10.0.0.1:5555 0xd854e2039a3e27436167f5e1bd2b0554a1fddd7d
INFO:root:0xed1665c190146c4dcb8eb871f1d2499d61bb293b 10.0.0.1:5555 0xd854e2039a3e27436167f5e1bd2b0564a1fddd7d
INFO:root:0xed1665c190146c4dcb8eb871f1d2499d61bb293b 10.0.0.1:5555 0xd854e2039a3e27436167f5e1bd2b0584a1fddd7d
INFO:root:0xed1665c190146c4dcb8eb871f1d2499d61bb293b 10.0.0.1:5555 0xd854e2039a3e27436167f5e1bd2b05c4a1fddd7d
INFO:root:0xed1665c190146c4dcb8eb871f1d2499d61bb293b 10.0.0.1:5555 0xd854e2039a3e27436167f5e1bd2b0644a1fddd7d
INFO:root:0xed1665c190146c4dcb8eb871f1d2499d61bb293b 10.0.0.1:5555 0xd854e2039a3e27436167f5e1bd2b0744a1fddd7d
INFO:root:0xed1665c190146c4dcb8eb871f1d2499d61bb293b 10.0.0.1:5555 0xd854e2039a3e27436167f5e1bd2b0944a1fddd7d
INFO:root:0xed1665c190146c4dcb8eb871f1d2499d61bb293b 10.0.0.1:5555 0xd854e2039a3e27436167f5e1bd2b0d44a1fddd7d
INFO:root:0xed1665c190146c4dcb8eb871f1d2499d61bb293b 10.0.0.1:5555 0xd854e2039a3e27436167f5e1bd2b1544a1fddd7d
INFO:root:0xed1665c190146c4dcb8eb871f1d2499d61bb293b 10.0.0.1:5555 0xd854e2039a3e27436167f5e1bd2b2544a1fddd7d
INFO:root:0xed1665c190146c4dcb8eb871f1d2499d61bb293b 10.0.0.1:5555 0xd854e2039a3e27436167f5e1bd2b4544a1fddd7d
INFO:root:0xed1665c190146c4dcb8eb871f1d2499d61bb293b 10.0.0.1:5555 0xd854e2039a3e27436167f5e1bd2b8544a1fddd7d
INFO:root:0xed1665c190146c4dcb8eb871f1d2499d61bb293b 10.0.0.1:5555 0xd854e2039a3e27436167f5e1bd2c0544a1fddd7d
INFO:root:0xed1665c190146c4dcb8eb871f1d2499d61bb293b 10.0.0.1:5555 0xd854e2039a3e27436167f5e1bd2d0544a1fddd7d
INFO:root:0xed1665c190146c4dcb8eb871f1d2499d61bb293b 10.0.0.1:5555 0xd854e2039a3e27436167f5e1bd2f0544a1fddd7d
INFO:root:0xed1665c190146c4dcb8eb871f1d2499d61bb293b 10.0.0.1:5555 0xd854e2039a3e27436167f5e1bd330544a1fddd7d
INFO:root:0xed1665c190146c4dcb8eb871f1d2499d61bb293b 10.0.0.1:5555 0xd854e2039a3e27436167f5e1bd3b0544a1fddd7d
INFO:root:0xed1665c190146c4dcb8eb871f1d2499d61bb293b 10.0.0.1:5555 0xd854e2039a3e27436167f5e1bd4b0544a1fddd7d
INFO:root:0xed1665c190146c4dcb8eb871f1d2499d61bb293b 10.0.0.1:5555 0xd854e2039a3e27436167f5e1bd6b0544a1fddd7d
INFO:root:0xed1665c190146c4dcb8eb871f1d2499d61bb293b 10.0.0.1:5555 0xd854e2039a3e27436167f5e1bdab0544a1fddd7d
INFO:root:0xed1665c190146c4dcb8eb871f1d2499d61bb293b 10.0.0.1:5555 0xd854e2039a3e27436167f5e1be2b0544a1fddd7d
INFO:root:0xed1665c190146c4dcb8eb871f1d2499d61bb293b 10.0.0.1:5555 0xd854e2039a3e27436167f5e1bf2b0544a1fddd7d
INFO:root:0xed1665c190146c4dcb8eb871f1d2499d61bb293b 10.0.0.1:5555 0xd854e2039a3e27436167f5e1c12b0544a1fddd7d
INFO:root:0xed1665c190146c4dcb8eb871f1d2499d61bb293b 10.0.0.1:5555 0xd854e2039a3e27436167f5e1c52b0544a1fddd7d
INFO:root:0xed1665c190146c4dcb8eb871f1d2499d61bb293b 10.0.0.1:5555 0xd854e2039a3e27436167f5e1cd2b0544a1fddd7d
INFO:root:0xed1665c190146c4dcb8eb871f1d2499d61bb293b 10.0.0.1:5555 0xd854e2039a3e27436167f5e1dd2b0544a1fddd7d
INFO:root:0xed1665c190146c4dcb8eb871f1d2499d61bb293b 10.0.0.1:5555 0xd854e2039a3e27436167f5e1fd2b0544a1fddd7d
INFO:root:0xed1665c190146c4dcb8eb871f1d2499d61bb293b 10.0.0.1:5555 0xd854e2039a3e27436167f5e23d2b0544a1fddd7d
INFO:root:0xed1665c190146c4dcb8eb871f1d2499d61bb293b 10.0.0.1:5555 0xd854e2039a3e27436167f5e2bd2b0544a1fddd7d
INFO:root:0xed1665c190146c4dcb8eb871f1d2499d61bb293b 10.0.0.1:5555 0xd854e2039a3e27436167f5e3bd2b0544a1fddd7d
INFO:root:0xed1665c190146c4dcb8eb871f1d2499d61bb293b 10.0.0.1:5555 0xd854e2039a3e27436167f5e5bd2b0544a1fddd7d
INFO:root:0xed1665c190146c4dcb8eb871f1d2499d61bb293b 10.0.0.1:5555 0xd854e2039a3e27436167f5e9bd2b0544a1fddd7d
INFO:root:0xed1665c190146c4dcb8eb871f1d2499d61bb293b 10.0.0.1:5555 0xd854e2039a3e27436167f5f1bd2b0544a1fddd7d
INFO:root:0xed1665c190146c4dcb8eb871f1d2499d61bb293b 10.0.0.1:5555 0xd854e2039a3e27436167f601bd2b0544a1fddd7d
INFO:root:0xed1665c190146c4dcb8eb871f1d2499d61bb293b 10.0.0.1:5555 0xd854e2039a3e27436167f621bd2b0544a1fddd7d
INFO:root:0xed1665c190146c4dcb8eb871f1d2499d61bb293b 10.0.0.1:5555 0xd854e2039a3e27436167f661bd2b0544a1fddd7d
INFO:root:0xed1665c190146c4dcb8eb871f1d2499d61bb293b 10.0.0.1:5555 0xd854e2039a3e27436167f6e1bd2b0544a1fddd7d
INFO:root:0xed1665c190146c4dcb8eb871f1d2499d61bb293b 10.0.0.1:5555 0xd854e2039a3e27436167f7e1bd2b0544a1fddd7d
INFO:root:0xed1665c190146c4dcb8eb871f1d2499d61bb293b 10.0.0.1:5555 0xd854e2039a3e27436167f9e1bd2b0544a1fddd7d
INFO:root:0xed1665c190146c4dcb8eb871f1d2499d61bb293b 10.0.0.1:5555 0xd854e2039a3e27436167fde1bd2b0544a1fddd7d
INFO:root:0xed1665c190146c4dcb8eb871f1d2499d61bb293b 10.0.0.1:5555 0xd854e2039a3e2743616805e1bd2b0544a1fddd7d
INFO:root:0xed1665c190146c4dcb8eb871f1d2499d61bb293b 10.0.0.1:5555 0xd854e2039a3e2743616815e1bd2b0544a1fddd7d
INFO:root:0xed1665c190146c4dcb8eb871f1d2499d61bb293b 10.0.0.1:5555 0xd854e2039a3e2743616835e1bd2b0544a1fddd7d
INFO:root:0xed1665c190146c4dcb8eb871f1d2499d61bb293b 10.0.0.1:5555 0xd854e2039a3e2743616875e1bd2b0544a1fddd7d
INFO:root:0xed1665c190146c4dcb8eb871f1d2499d61bb293b 10.0.0.1:5555 0xd854e2039a3e27436168f5e1bd2b0544a1fddd7d
INFO:root:0xed1665c190146c4dcb8eb871f1d2499d61bb293b 10.0.0.1:5555 0xd854e2039a3e27436169f5e1bd2b0544a1fddd7d
INFO:root:0xed1665c190146c4dcb8eb871f1d2499d61bb293b 10.0.0.1:5555 0xd854e2039a3e2743616bf5e1bd2b0544a1fddd7d
INFO:root:0xed1665c190146c4dcb8eb871f1d2499d61bb293b 10.0.0.1:5555 0xd854e2039a3e2743616ff5e1bd2b0544a1fddd7d
INFO:root:0xed1665c190146c4dcb8eb871f1d2499d61bb293b 10.0.0.1:5555 0xd854e2039a3e27436177f5e1bd2b0544a1fddd7d
INFO:root:0xed1665c190146c4dcb8eb871f1d2499d61bb293b 10.0.0.1:5555 0xd854e2039a3e27436187f5e1bd2b0544a1fddd7d
INFO:root:0xed1665c190146c4dcb8eb871f1d2499d61bb293b 10.0.0.1:5555 0xd854e2039a3e274361a7f5e1bd2b0544a1fddd7d
INFO:root:0xed1665c190146c4dcb8eb871f1d2499d61bb293b 10.0.0.1:5555 0xd854e2039a3e274361e7f5e1bd2b0544a1fddd7d
INFO:root:0xed1665c190146c4dcb8eb871f1d2499d61bb293b 10.0.0.1:5555 0xd854e2039a3e27436267f5e1bd2b0544a1fddd7d
INFO:root:0xed1665c190146c4dcb8eb871f1d2499d61bb293b 10.0.0.1:5555 0xd854e2039a3e27436367f5e1bd2b0544a1fddd7d
INFO:root:0xed1665c190146c4dcb8eb871f1d2499d61bb293b 10.0.0.1:5555 0xd854e2039a3e27436567f5e1bd2b0544a1fddd7d
INFO:root:0xed1665c190146c4dcb8eb871f1d2499d61bb293b 10.0.0.1:5555 0xd854e2039a3e27436967f5e1bd2b0544a1fddd7d
INFO:root:0xed1665c190146c4dcb8eb871f1d2499d61bb293b 10.0.0.1:5555 0xd854e2039a3e27437167f5e1bd2b0544a1fddd7d
INFO:root:0xed1665c190146c4dcb8eb871f1d2499d61bb293b 10.0.0.1:5555 0xd854e2039a3e27438167f5e1bd2b0544a1fddd7d
INFO:root:0xed1665c190146c4dcb8eb871f1d2499d61bb293b 10.0.0.1:5555 0xd854e2039a3e2743a167f5e1bd2b0544a1fddd7d
INFO:root:0xed1665c190146c4dcb8eb871f1d2499d61bb293b 10.0.0.1:5555 0xd854e2039a3e2743e167f5e1bd2b0544a1fddd7d
INFO:root:0xed1665c190146c4dcb8eb871f1d2499d61bb293b 10.0.0.1:5555 0xd854e2039a3e27446167f5e1bd2b0544a1fddd7d
INFO:root:0xed1665c190146c4dcb8eb871f1d2499d61bb293b 10.0.0.1:5555 0xd854e2039a3e27456167f5e1bd2b0544a1fddd7d
INFO:root:0xed1665c190146c4dcb8eb871f1d2499d61bb293b 10.0.0.1:5555 0xd854e2039a3e27476167f5e1bd2b0544a1fddd7d
INFO:root:0xed1665c190146c4dcb8eb871f1d2499d61bb293b 10.0.0.1:5555 0xd854e2039a3e274b6167f5e1bd2b0544a1fddd7d
INFO:root:0xed1665c190146c4dcb8eb871f1d2499d61bb293b 10.0.0.1:5555 0xd854e2039a3e27536167f5e1bd2b0544a1fddd7d
INFO:root:0xed1665c190146c4dcb8eb871f1d2499d61bb293b 10.0.0.1:5555 0xd854e2039a3e27636167f5e1bd2b0544a1fddd7d
INFO:root:0xed1665c190146c4dcb8eb871f1d2499d61bb293b 10.0.0.1:5555 0xd854e2039a3e27836167f5e1bd2b0544a1fddd7d
INFO:root:0xed1665c190146c4dcb8eb871f1d2499d61bb293b 10.0.0.1:5555 0xd854e2039a3e27c36167f5e1bd2b0544a1fddd7d
INFO:root:0xed1665c190146c4dcb8eb871f1d2499d61bb293b 10.0.0.1:5555 0xd854e2039a3e28436167f5e1bd2b0544a1fddd7d
INFO:root:0xed1665c190146c4dcb8eb871f1d2499d61bb293b 10.0.0.1:5555 0xd854e2039a3e29436167f5e1bd2b0544a1fddd7d
INFO:root:0xed1665c190146c4dcb8eb871f1d2499d61bb293b 10.0.0.1:5555 0xd854e2039a3e2b436167f5e1bd2b0544a1fddd7d
INFO:root:0xed1665c190146c4dcb8eb871f1d2499d61bb293b 10.0.0.1:5555 0xd854e2039a3e2f436167f5e1bd2b0544a1fddd7d
INFO:root:0xed1665c190146c4dcb8eb871f1d2499d61bb293b 10.0.0.1:5555 0xd854e2039a3e37436167f5e1bd2b0544a1fddd7d
INFO:root:0xed1665c190146c4dcb8eb871f1d2499d61bb293b 10.0.0.1:5555 0xd854e2039a3e47436167f5e1bd2b0544a1fddd7d
INFO:root:0xed1665c190146c4dcb8eb871f1d2499d61bb293b 10.0.0.1:5555 0xd854e2039a3e67436167f5e1bd2b0544a1fddd7d
INFO:root:0xed1665c190146c4dcb8eb871f1d2499d61bb293b 10.0.0.1:5555 0xd854e2039a3ea7436167f5e1bd2b0544a1fddd7d
INFO:root:0xed1665c190146c4dcb8eb871f1d2499d61bb293b 10.0.0.1:5555 0xd854e2039a3f27436167f5e1bd2b0544a1fddd7d
INFO:root:0xed1665c190146c4dcb8eb871f1d2499d61bb293b 10.0.0.1:5555 0xd854e2039a4027436167f5e1bd2b0544a1fddd7d
INFO:root:0xed1665c190146c4dcb8eb871f1d2499d61bb293b 10.0.0.1:5555 0xd854e2039a4227436167f5e1bd2b0544a1fddd7d
INFO:root:0xed1665c190146c4dcb8eb871f1d2499d61bb293b 10.0.0.1:5555 0xd854e2039a4627436167f5e1bd2b0544a1fddd7d
INFO:root:0xed1665c190146c4dcb8eb871f1d2499d61bb293b 10.0.0.1:5555 0xd854e2039a4e27436167f5e1bd2b0544a1fddd7d
INFO:root:0xed1665c190146c4dcb8eb871f1d2499d61bb293b 10.0.0.1:5555 0xd854e2039a5e27436167f5e1bd2b0544a1fddd7d
INFO:root:0xed1665c190146c4dcb8eb871f1d2499d61bb293b 10.0.0.1:5555 0xd854e2039a7e27436167f5e1bd2b0544a1fddd7d
INFO:root:0xed1665c190146c4dcb8eb871f1d2499d61bb293b 10.0.0.1:5555 0xd854e2039abe27436167f5e1bd2b0544a1fddd7d
INFO:root:0xed1665c190146c4dcb8eb871f1d2499d61bb293b 10.0.0.1:5555 0xd854e2039b3e27436167f5e1bd2b0544a1fddd7d
INFO:root:0xed1665c190146c4dcb8eb871f1d2499d61bb293b 10.0.0.1:5555 0xd854e2039c3e27436167f5e1bd2b0544a1fddd7d
INFO:root:0xed1665c190146c4dcb8eb871f1d2499d61bb293b 10.0.0.1:5555 0xd854e2039e3e27436167f5e1bd2b0544a1fddd7d
INFO:root:0xed1665c190146c4dcb8eb871f1d2499d61bb293b 10.0.0.1:5555 0xd854e203a23e27436167f5e1bd2b0544a1fddd7d
INFO:root:0xed1665c190146c4dcb8eb871f1d2499d61bb293b 10.0.0.1:5555 0xd854e203aa3e27436167f5e1bd2b0544a1fddd7d
INFO:root:0xed1665c190146c4dcb8eb871f1d2499d61bb293b 10.0.0.1:5555 0xd854e203ba3e27436167f5e1bd2b0544a1fddd7d
INFO:root:0xed1665c190146c4dcb8eb871f1d2499d61bb293b 10.0.0.1:5555 0xd854e203da3e27436167f5e1bd2b0544a1fddd7d
INFO:root:0xed1665c190146c4dcb8eb871f1d2499d61bb293b 10.0.0.1:5555 0xd854e2041a3e27436167f5e1bd2b0544a1fddd7d
INFO:root:0xed1665c190146c4dcb8eb871f1d2499d61bb293b 10.0.0.1:5555 0xd854e2049a3e27436167f5e1bd2b0544a1fddd7d
INFO:root:0xed1665c190146c4dcb8eb871f1d2499d61bb293b 10.0.0.1:5555 0xd854e2059a3e27436167f5e1bd2b0544a1fddd7d
INFO:root:0xed1665c190146c4dcb8eb871f1d2499d61bb293b 10.0.0.1:5555 0xd854e2079a3e27436167f5e1bd2b0544a1fddd7d
INFO:root:0xed1665c190146c4dcb8eb871f1d2499d61bb293b 10.0.0.1:5555 0xd854e20b9a3e27436167f5e1bd2b0544a1fddd7d
INFO:root:0xed1665c190146c4dcb8eb871f1d2499d61bb293b 10.0.0.1:5555 0xd854e2139a3e27436167f5e1bd2b0544a1fddd7d
INFO:root:0xed1665c190146c4dcb8eb871f1d2499d61bb293b 10.0.0.1:5555 0xd854e2239a3e27436167f5e1bd2b0544a1fddd7d
INFO:root:0xed1665c190146c4dcb8eb871f1d2499d61bb293b 10.0.0.1:5555 0xd854e2439a3e27436167f5e1bd2b0544a1fddd7d
INFO:root:0xed1665c190146c4dcb8eb871f1d2499d61bb293b 10.0.0.1:5555 0xd854e2839a3e27436167f5e1bd2b0544a1fddd7d
INFO:root:0xed1665c190146c4dcb8eb871f1d2499d61bb293b 10.0.0.1:5555 0xd854e3039a3e27436167f5e1bd2b0544a1fddd7d
INFO:root:0xed1665c190146c4dcb8eb871f1d2499d61bb293b 10.0.0.1:5555 0xd854e4039a3e27436167f5e1bd2b0544a1fddd7d
INFO:root:0xed1665c190146c4dcb8eb871f1d2499d61bb293b 10.0.0.1:5555 0xd854e6039a3e27436167f5e1bd2b0544a1fddd7d
INFO:root:0xed1665c190146c4dcb8eb871f1d2499d61bb293b 10.0.0.1:5555 0xd854ea039a3e27436167f5e1bd2b0544a1fddd7d
INFO:root:0xed1665c190146c4dcb8eb871f1d2499d61bb293b 10.0.0.1:5555 0xd854f2039a3e27436167f5e1bd2b0544a1fddd7d
INFO:root:0xed1665c190146c4dcb8eb871f1d2499d61bb293b 10.0.0.1:5555 0xd85502039a3e27436167f5e1bd2b0544a1fddd7d
INFO:root:0xed1665c190146c4dcb8eb871f1d2499d61bb293b 10.0.0.1:5555 0xd85522039a3e27436167f5e1bd2b0544a1fddd7d
INFO:root:0xed1665c190146c4dcb8eb871f1d2499d61bb293b 10.0.0.1:5555 0xd85562039a3e27436167f5e1bd2b0544a1fddd7d
INFO:root:0xed1665c190146c4dcb8eb871f1d2499d61bb293b 10.0.0.1:5555 0xd855e2039a3e27436167f5e1bd2b0544a1fddd7d
INFO:root:0xed1665c190146c4dcb8eb871f1d2499d61bb293b 10.0.0.1:5555 0xd856e2039a3e27436167f5e1bd2b0544a1fddd7d
INFO:root:0xed1665c190146c4dcb8eb871f1d2499d61bb293b 10.0.0.1:5555 0xd858e2039a3e27436167f5e1bd2b0544a1fddd7d
INFO:root:0xed1665c190146c4dcb8eb871f1d2499d61bb293b 10.0.0.1:5555 0xd85ce2039a3e27436167f5e1bd2b0544a1fddd7d
INFO:root:0xed1665c190146c4dcb8eb871f1d2499d61bb293b 10.0.0.1:5555 0xd864e2039a3e27436167f5e1bd2b0544a1fddd7d
INFO:root:0xed1665c190146c4dcb8eb871f1d2499d61bb293b 10.0.0.1:5555 0xd874e2039a3e27436167f5e1bd2b0544a1fddd7d
INFO:root:0xed1665c190146c4dcb8eb871f1d2499d61bb293b 10.0.0.1:5555 0xd894e2039a3e27436167f5e1bd2b0544a1fddd7d
INFO:root:0xed1665c190146c4dcb8eb871f1d2499d61bb293b 10.0.0.1:5555 0xd8d4e2039a3e27436167f5e1bd2b0544a1fddd7d
INFO:root:0xed1665c190146c4dcb8eb871f1d2499d61bb293b 10.0.0.1:5555 0xd954e2039a3e27436167f5e1bd2b0544a1fddd7d
INFO:root:0xed1665c190146c4dcb8eb871f1d2499d61bb293b 10.0.0.1:5555 0xda54e2039a3e27436167f5e1bd2b0544a1fddd7d
INFO:root:0xed1665c190146c4dcb8eb871f1d2499d61bb293b 10.0.0.1:5555 0xdc54e2039a3e27436167f5e1bd2b0544a1fddd7d
INFO:root:0xed1665c190146c4dcb8eb871f1d2499d61bb293b 10.0.0.1:5555 0xe054e2039a3e27436167f5e1bd2b0544a1fddd7d
INFO:root:0xed1665c190146c4dcb8eb871f1d2499d61bb293b 10.0.0.1:5555 0xe854e2039a3e27436167f5e1bd2b0544a1fddd7d
INFO:root:0x5ab187e3bc6375b95a0250f2d8c66723de97dcb9 10.0.0.2:5555 0xf854e2039a3e27436167f5e1bd2b0544a1fddd7d
INFO:root:0x5ab187e3bc6375b95a0250f2d8c66723de97dcb9 10.0.0.2:5555 0x1854e2039a3e27436167f5e1bd2b0544a1fddd7e
INFO:root:0x5ab187e3bc6375b95a0250f2d8c66723de97dcb9 10.0.0.2:5555 0x5854e2039a3e27436167f5e1bd2b0544a1fddd7e
INFO:root:Pred: 0x5ab187e3bc6375b95a0250f2d8c66723de97dcb9
INFO:root:Farming successor list
INFO:root:Finished farming successor list
INFO:root:Updating finger 22
INFO:root:Finished updating finger
INFO:root:Updating finger 114
INFO:root:Finished updating finger
INFO:root:Updating finger 3
INFO:root:Finished updating finger
INFO:root:Updating finger 18
INFO:root:Finished updating finger
INFO:root:Updating finger 102
INFO:root:Finished updating finger
INFO:root:Updating finger 157
INFO:root:Finished updating finger
INFO:root:Updating finger 74
INFO:root:Finished updating finger
INFO:root:Updating finger 117
INFO:root:Finished updating finger
INFO:root:Updating finger 1
INFO:root:Finished updating finger
INFO:root:Updating finger 138
INFO:root:Finished updating finger
INFO:root:Updating finger 31
INFO:root:Finished updating finger
INFO:root:Updating finger 16
INFO:root:Finished updating finger
INFO:root:Updating finger 29
INFO:root:Finished updating finger
INFO:root:Updating finger 92
INFO:root:Finished updating finger
INFO:root:Updating finger 105
INFO:root:Finished updating finger
INFO:root:Updating finger 58
INFO:root:Finished updating finger
INFO:root:Updating finger 86
INFO:root:Finished updating finger
INFO:root:Updating finger 24
INFO:root:Finished updating finger
INFO:root:Updating finger 144
INFO:root:Finished updating finger
INFO:root:Updating finger 72
INFO:root:Finished updating finger
INFO:root:Updating finger 94
INFO:root:Finished updating finger
INFO:root:Updating finger 3
INFO:root:Finished updating finger
INFO:root:Updating finger 88
INFO:root:Finished updating finger
INFO:root:Updating finger 25
INFO:root:Finished updating finger
INFO:root:Updating finger 44
INFO:root:Finished updating finger
INFO:root:Updating finger 101
INFO:root:Finished updating finger
INFO:root:Updating finger 114
INFO:root:Finished updating finger
INFO:root:Updating finger 57
INFO:root:Finished updating finger
INFO:root:Updating finger 30
INFO:root:Finished updating finger
INFO:root:Updating finger 137
INFO:root:Finished updating finger
INFO:root:Updating finger 96
INFO:root:Finished updating finger
INFO:root:Updating finger 48
INFO:root:Finished updating finger
INFO:root:Updating finger 145
INFO:root:Finished updating finger
INFO:root:Updating finger 68
INFO:root:Finished updating finger
INFO:root:Updating finger 94
INFO:root:Finished updating finger
INFO:root:Updating finger 157
INFO:root:Finished updating finger
INFO:root:Updating finger 133
INFO:root:Finished updating finger
INFO:root:Updating finger 73
INFO:root:Finished updating finger
INFO:root:Updating finger 157
INFO:root:Finished updating finger
INFO:root:Updating finger 35
INFO:root:Finished updating finger
INFO:root:Updating finger 110
INFO:root:Finished updating finger
INFO:root:Updating finger 141
INFO:root:Finished updating finger
INFO:root:Updating finger 119
INFO:root:Finished updating finger
INFO:root:Updating finger 74
INFO:root:Finished updating finger
INFO:root:Updating finger 138
INFO:root:Finished updating finger
INFO:root:Updating finger 59
INFO:root:Finished updating finger
INFO:root:Updating finger 3
INFO:root:Finished updating finger
INFO:root:Updating finger 72
INFO:root:Finished updating finger
INFO:root:Updating finger 40
INFO:root:Finished updating finger
INFO:root:Updating finger 106
INFO:root:Finished updating finger
INFO:root:Updating finger 141
INFO:root:Finished updating finger
INFO:root:Updating finger 8
INFO:root:Finished updating finger
INFO:root:Updating finger 47
INFO:root:Finished updating finger
INFO:root:Updating finger 26
INFO:root:Finished updating finger
INFO:root:Updating finger 73
INFO:root:Finished updating finger
INFO:root:Updating finger 94
INFO:root:Finished updating finger
INFO:root:Updating finger 54
INFO:root:Finished updating finger
INFO:root:Updating finger 56
INFO:root:Finished updating finger
INFO:root:Updating finger 64
INFO:root:Finished updating finger
INFO:root:Updating finger 79
INFO:root:Finished updating finger
INFO:root:Got root node request
INFO:root:Updating finger 125
INFO:root:Finished updating finger
INFO:root:Updating finger 71
INFO:root:Finished updating finger
INFO:root:Performing an entire refresh of the finger table
INFO:root:Making request for fingertable construction
INFO:root:Updating finger 89
INFO:root:Finished updating finger
INFO:root:Updating finger 145
INFO:root:Finished updating finger
INFO:root:Updating finger 85
INFO:root:Finished updating finger
INFO:root:Updating finger 153
INFO:root:Finished updating finger
INFO:root:Updating finger 62
INFO:root:Finished updating finger
INFO:root:Updating finger 45
INFO:root:Finished updating finger
INFO:root:Updating finger 16
INFO:root:Finished updating finger
INFO:root:Updating finger 13
INFO:root:Finished updating finger
INFO:root:Updating finger 6
INFO:root:Finished updating finger
INFO:root:Updating finger 66
INFO:root:Finished updating finger
INFO:root:Updating finger 84
INFO:root:Finished updating finger
INFO:root:Updating finger 69
INFO:root:Finished updating finger
INFO:root:Updating finger 46
INFO:root:Finished updating finger
INFO:root:Updating finger 158
INFO:root:Finished updating finger
INFO:root:Updating finger 5
INFO:root:Finished updating finger
INFO:root:Updating finger 114
INFO:root:Finished updating finger
INFO:root:Updating finger 147
INFO:root:Finished updating finger
INFO:root:Updating finger 15
INFO:root:Finished updating finger
INFO:root:Updating finger 124
INFO:root:Finished updating finger
INFO:root:Updating finger 83
INFO:root:Finished updating finger
INFO:root:Updating finger 142
INFO:root:Finished updating finger
INFO:root:Updating finger 66
INFO:root:Finished updating finger
INFO:root:Updating finger 19
INFO:root:Finished updating finger
INFO:root:Updating finger 33
INFO:root:Finished updating finger
INFO:root:Updating finger 111
INFO:root:Finished updating finger
INFO:root:Updating finger 28
INFO:root:Finished updating finger
INFO:root:Updating finger 146
INFO:root:Finished updating finger
INFO:root:Updating finger 21
INFO:root:Finished updating finger
INFO:root:Updating finger 85
INFO:root:Finished updating finger
INFO:root:Updating finger 33
INFO:root:Finished updating finger
INFO:root:Updating finger 146
INFO:root:Finished updating finger
INFO:root:Updating finger 36
INFO:root:Finished updating finger
INFO:root:Updating finger 54
INFO:root:Finished updating finger
INFO:root:Updating finger 149
INFO:root:Finished updating finger
INFO:root:Updating finger 139
INFO:root:Finished updating finger
INFO:root:Updating finger 9
INFO:root:Finished updating finger
INFO:root:Updating finger 43
INFO:root:Finished updating finger
INFO:root:Updating finger 107
INFO:root:Finished updating finger
INFO:root:Updating finger 5
INFO:root:Finished updating finger
INFO:root:Updating finger 31
INFO:root:Finished updating finger
INFO:root:Updating finger 63
INFO:root:Finished updating finger
INFO:root:Updating finger 62
INFO:root:Finished updating finger
INFO:root:Updating finger 63
INFO:root:Finished updating finger
INFO:root:Updating finger 47
INFO:root:Finished updating finger
INFO:root:Updating finger 128
INFO:root:Finished updating finger
INFO:root:Updating finger 154
INFO:root:Finished updating finger
INFO:root:Updating finger 40
INFO:root:Finished updating finger
INFO:root:Updating finger 142
INFO:root:Finished updating finger
INFO:root:Updating finger 7
INFO:root:Finished updating finger
INFO:root:Updating finger 28
INFO:root:Finished updating finger
INFO:root:Updating finger 8
INFO:root:Finished updating finger
INFO:root:Updating finger 130
INFO:root:Finished updating finger
INFO:root:Updating finger 98
INFO:root:Finished updating finger
INFO:root:Updating finger 14
INFO:root:Finished updating finger
INFO:root:Updating finger 100
INFO:root:Finished updating finger
INFO:root:Updating finger 120
INFO:root:Finished updating finger
INFO:root:Updating finger 63
INFO:root:Finished updating finger
INFO:root:Updating finger 87
INFO:root:Finished updating finger
INFO:root:Got root node request
INFO:root:Updating finger 82
INFO:root:Finished updating finger
INFO:root:Updating finger 44
INFO:root:Finished updating finger
INFO:root:Updating finger 107
INFO:root:Finished updating finger
INFO:root:Updating finger 131
INFO:root:Finished updating finger
INFO:root:Performing an entire refresh of the finger table
INFO:root:Making request for fingertable construction
INFO:root:Updating finger 15
INFO:root:Finished updating finger
INFO:root:Updating finger 39
INFO:root:Finished updating finger
INFO:root:Updating finger 96
INFO:root:Finished updating finger
INFO:root:Updating finger 25
INFO:root:Finished updating finger
INFO:root:Updating finger 87
INFO:root:Finished updating finger
INFO:root:Updating finger 72
INFO:root:Finished updating finger
INFO:root:Updating finger 117
INFO:root:Finished updating finger
INFO:root:Updating finger 65
INFO:root:Finished updating finger
INFO:root:Updating finger 20
INFO:root:Finished updating finger
INFO:root:Updating finger 25
INFO:root:Finished updating finger
INFO:root:Updating finger 122
INFO:root:Finished updating finger
INFO:root:Updating finger 92
INFO:root:Finished updating finger
INFO:root:Updating finger 42
INFO:root:Finished updating finger
INFO:root:Updating finger 27
INFO:root:Finished updating finger
INFO:root:Updating finger 24
INFO:root:Finished updating finger
INFO:root:Updating finger 108
INFO:root:Finished updating finger
INFO:root:Updating finger 71
INFO:root:Finished updating finger
INFO:root:Updating finger 30
INFO:root:Finished updating finger
INFO:root:Updating finger 51
INFO:root:Finished updating finger
INFO:root:Updating finger 11
INFO:root:Finished updating finger
INFO:root:Updating finger 56
INFO:root:Finished updating finger
INFO:root:Updating finger 34
INFO:root:Finished updating finger
INFO:root:Updating finger 144
INFO:root:Finished updating finger
INFO:root:Updating finger 18
INFO:root:Finished updating finger
INFO:root:Updating finger 126
INFO:root:Finished updating finger
INFO:root:Updating finger 66
INFO:root:Finished updating finger
INFO:root:Updating finger 47
INFO:root:Finished updating finger
INFO:root:Updating finger 13
INFO:root:Finished updating finger
INFO:root:Updating finger 137
INFO:root:Finished updating finger
INFO:root:Updating finger 12
INFO:root:Finished updating finger
INFO:root:Updating finger 70
INFO:root:Finished updating finger
INFO:root:Updating finger 115
INFO:root:Finished updating finger
INFO:root:Updating finger 52
INFO:root:Finished updating finger
INFO:root:Updating finger 63
INFO:root:Finished updating finger
INFO:root:Updating finger 97
INFO:root:Finished updating finger
INFO:root:Updating finger 156
INFO:root:Finished updating finger
INFO:root:Updating finger 78
INFO:root:Finished updating finger
INFO:root:Updating finger 100
INFO:root:Finished updating finger
INFO:root:Updating finger 98
INFO:root:Finished updating finger
INFO:root:Updating finger 83
INFO:root:Finished updating finger
INFO:root:Updating finger 117
INFO:root:Finished updating finger
INFO:root:Updating finger 98
INFO:root:Finished updating finger
INFO:root:Updating finger 19
INFO:root:Finished updating finger
INFO:root:Updating finger 150
INFO:root:Finished updating finger
INFO:root:Updating finger 1
INFO:root:Finished updating finger
INFO:root:Updating finger 36
INFO:root:Finished updating finger
INFO:root:Updating finger 97
INFO:root:Finished updating finger
INFO:root:Updating finger 36
INFO:root:Finished updating finger
INFO:root:Updating finger 3
INFO:root:Finished updating finger
INFO:root:Updating finger 148
INFO:root:Finished updating finger
INFO:root:Updating finger 118
INFO:root:Finished updating finger
INFO:root:Updating finger 104
INFO:root:Finished updating finger
INFO:root:Updating finger 71
INFO:root:Finished updating finger
INFO:root:Updating finger 114
INFO:root:Finished updating finger
INFO:root:Updating finger 65
INFO:root:Finished updating finger
INFO:root:Updating finger 141
INFO:root:Finished updating finger
INFO:root:Updating finger 48
INFO:root:Finished updating finger
INFO:root:Updating finger 95
INFO:root:Finished updating finger
INFO:root:Got root node request
INFO:root:Updating finger 117
INFO:root:Finished updating finger
INFO:root:Updating finger 21
INFO:root:Finished updating finger
INFO:root:Updating finger 80
INFO:root:Finished updating finger
INFO:root:Updating finger 113
INFO:root:Finished updating finger
INFO:root:Performing an entire refresh of the finger table
INFO:root:Making request for fingertable construction
INFO:root:Updating finger 148
INFO:root:Finished updating finger
INFO:root:Updating finger 42
INFO:root:Finished updating finger
INFO:root:Updating finger 114
INFO:root:Finished updating finger
INFO:root:Updating finger 112
INFO:root:Finished updating finger
INFO:root:Updating finger 107
INFO:root:Finished updating finger
INFO:root:Updating finger 43
INFO:root:Finished updating finger
INFO:root:Updating finger 116
INFO:root:Finished updating finger
INFO:root:Updating finger 36
INFO:root:Finished updating finger
INFO:root:Updating finger 30
INFO:root:Finished updating finger
INFO:root:Updating finger 4
INFO:root:Finished updating finger
INFO:root:Updating finger 56
INFO:root:Finished updating finger
INFO:root:Updating finger 65
INFO:root:Finished updating finger
INFO:root:Updating finger 145
INFO:root:Finished updating finger
INFO:root:Updating finger 102
INFO:root:Finished updating finger
INFO:root:Updating finger 94
INFO:root:Finished updating finger
INFO:root:Updating finger 40
INFO:root:Finished updating finger
INFO:root:Updating finger 98
INFO:root:Finished updating finger
INFO:root:Updating finger 116
INFO:root:Finished updating finger
INFO:root:Updating finger 35
INFO:root:Finished updating finger
INFO:root:Updating finger 79
INFO:root:Finished updating finger
INFO:root:Updating finger 86
INFO:root:Finished updating finger
INFO:root:Updating finger 19
INFO:root:Finished updating finger
INFO:root:Updating finger 119
INFO:root:Finished updating finger
INFO:root:Updating finger 122
INFO:root:Finished updating finger
INFO:root:Updating finger 82
INFO:root:Finished updating finger
INFO:root:Updating finger 1
INFO:root:Finished updating finger
INFO:root:Updating finger 53
INFO:root:Finished updating finger
INFO:root:Updating finger 158
INFO:root:Finished updating finger
INFO:root:Updating finger 136
INFO:root:Finished updating finger
INFO:root:Updating finger 29
INFO:root:Finished updating finger
INFO:root:Updating finger 152
INFO:root:Finished updating finger
INFO:root:Updating finger 103
INFO:root:Finished updating finger
INFO:root:Updating finger 41
INFO:root:Finished updating finger
INFO:root:Updating finger 41
INFO:root:Finished updating finger
INFO:root:Updating finger 140
INFO:root:Finished updating finger
INFO:root:Updating finger 27
INFO:root:Finished updating finger
INFO:root:Updating finger 86
INFO:root:Finished updating finger
INFO:root:Updating finger 95
INFO:root:Finished updating finger
INFO:root:Updating finger 139
INFO:root:Finished updating finger
INFO:root:Updating finger 93
INFO:root:Finished updating finger
INFO:root:Updating finger 58
INFO:root:Finished updating finger
INFO:root:Updating finger 46
INFO:root:Finished updating finger
INFO:root:Updating finger 88
INFO:root:Finished updating finger
INFO:root:Updating finger 32
INFO:root:Finished updating finger
INFO:root:Updating finger 123
INFO:root:Finished updating finger
INFO:root:Updating finger 23
INFO:root:Finished updating finger
INFO:root:Updating finger 13
INFO:root:Finished updating finger
INFO:root:Updating finger 96
INFO:root:Finished updating finger
INFO:root:Updating finger 26
INFO:root:Finished updating finger
INFO:root:Updating finger 112
INFO:root:Finished updating finger
INFO:root:Updating finger 137
INFO:root:Finished updating finger
INFO:root:Updating finger 73
INFO:root:Finished updating finger
INFO:root:Updating finger 11
INFO:root:Finished updating finger
INFO:root:Updating finger 57
INFO:root:Finished updating finger
INFO:root:Updating finger 39
INFO:root:Finished updating finger
INFO:root:Updating finger 146
INFO:root:Finished updating finger
INFO:root:Updating finger 79
INFO:root:Finished updating finger
INFO:root:Updating finger 102
INFO:root:Finished updating finger
INFO:root:Updating finger 133
INFO:root:Finished updating finger
INFO:root:Updating finger 48
INFO:root:Finished updating finger
INFO:root:Updating finger 19
INFO:root:Finished updating finger
INFO:root:Updating finger 35
INFO:root:Finished updating finger
INFO:root:Performing an entire refresh of the finger table
INFO:root:Making request for fingertable construction
INFO:root:Got root node request
INFO:root:Updating finger 9
INFO:root:Finished updating finger
INFO:root:Updating finger 143
INFO:root:Finished updating finger
INFO:root:Updating finger 48
INFO:root:Finished updating finger
INFO:root:Updating finger 43
INFO:root:Finished updating finger
INFO:root:Updating finger 96
INFO:root:Finished updating finger
INFO:root:Updating finger 66
INFO:root:Finished updating finger
INFO:root:Updating finger 39
INFO:root:Finished updating finger
INFO:root:Updating finger 21
INFO:root:Finished updating finger
INFO:root:Updating finger 27
INFO:root:Finished updating finger
INFO:root:Updating finger 40
INFO:root:Finished updating finger
INFO:root:Updating finger 108
INFO:root:Finished updating finger
INFO:root:Updating finger 154
INFO:root:Finished updating finger
INFO:root:Updating finger 20
INFO:root:Finished updating finger
INFO:root:Updating finger 155
INFO:root:Finished updating finger
INFO:root:Updating finger 66
INFO:root:Finished updating finger
INFO:root:Updating finger 2
INFO:root:Finished updating finger
INFO:root:Updating finger 20
INFO:root:Finished updating finger
INFO:root:Updating finger 48
INFO:root:Finished updating finger
INFO:root:Updating finger 54
INFO:root:Finished updating finger
INFO:root:Updating finger 31
INFO:root:Finished updating finger
INFO:root:Updating finger 138
INFO:root:Finished updating finger
INFO:root:Updating finger 139
INFO:root:Finished updating finger
INFO:root:Updating finger 131
INFO:root:Finished updating finger
INFO:root:Updating finger 10
INFO:root:Finished updating finger
INFO:root:Updating finger 58
INFO:root:Finished updating finger
INFO:root:Updating finger 71
INFO:root:Finished updating finger
INFO:root:Updating finger 1
INFO:root:Finished updating finger
INFO:root:Updating finger 108
INFO:root:Finished updating finger
INFO:root:Updating finger 134
INFO:root:Finished updating finger
INFO:root:Updating finger 70
INFO:root:Finished updating finger
INFO:root:Updating finger 22
INFO:root:Finished updating finger
INFO:root:Updating finger 126
INFO:root:Finished updating finger
INFO:root:Updating finger 131
INFO:root:Finished updating finger
INFO:root:Updating finger 1
INFO:root:Finished updating finger
INFO:root:Updating finger 142
INFO:root:Finished updating finger
INFO:root:Updating finger 58
INFO:root:Finished updating finger
INFO:root:Updating finger 132
INFO:root:Finished updating finger
INFO:root:Updating finger 19
INFO:root:Finished updating finger
INFO:root:Updating finger 35
INFO:root:Finished updating finger
INFO:root:Updating finger 158
INFO:root:Finished updating finger
INFO:root:Updating finger 34
INFO:root:Finished updating finger
INFO:root:Updating finger 90
INFO:root:Finished updating finger
INFO:root:Updating finger 116
INFO:root:Finished updating finger
INFO:root:Updating finger 152
INFO:root:Finished updating finger
INFO:root:Updating finger 31
INFO:root:Finished updating finger
INFO:root:Updating finger 132
INFO:root:Finished updating finger
INFO:root:Updating finger 41
INFO:root:Finished updating finger
INFO:root:Updating finger 89
INFO:root:Finished updating finger
INFO:root:Updating finger 75
INFO:root:Finished updating finger
INFO:root:Updating finger 43
INFO:root:Finished updating finger
INFO:root:Updating finger 130
INFO:root:Finished updating finger
INFO:root:Updating finger 56
INFO:root:Finished updating finger
INFO:root:Updating finger 55
INFO:root:Finished updating finger
INFO:root:Updating finger 48
INFO:root:Finished updating finger
INFO:root:Updating finger 149
INFO:root:Finished updating finger
INFO:root:Updating finger 119
INFO:root:Finished updating finger
INFO:root:Updating finger 39
INFO:root:Finished updating finger
INFO:root:Updating finger 139
INFO:root:Finished updating finger
INFO:root:Updating finger 29
INFO:root:Finished updating finger
INFO:root:Updating finger 120
INFO:root:Finished updating finger
INFO:root:Updating finger 128
INFO:root:Finished updating finger
INFO:root:Updating finger 149
INFO:root:Finished updating finger
INFO:root:Performing an entire refresh of the finger table
INFO:root:Making request for fingertable construction
INFO:root:Updating finger 110
INFO:root:Finished updating finger
INFO:root:Got root node request
INFO:root:Updating finger 134
INFO:root:Finished updating finger
INFO:root:Updating finger 44
INFO:root:Finished updating finger
INFO:root:Updating finger 146
INFO:root:Finished updating finger
INFO:root:Updating finger 89
INFO:root:Finished updating finger
INFO:root:Updating finger 53
INFO:root:Finished updating finger
INFO:root:Updating finger 43
INFO:root:Finished updating finger
INFO:root:Updating finger 89
INFO:root:Finished updating finger
INFO:root:Updating finger 7
INFO:root:Finished updating finger
INFO:root:Updating finger 109
INFO:root:Finished updating finger
INFO:root:Updating finger 114
INFO:root:Finished updating finger
INFO:root:Updating finger 45
INFO:root:Finished updating finger
INFO:root:Updating finger 99
INFO:root:Finished updating finger
INFO:root:Updating finger 46
INFO:root:Finished updating finger
INFO:root:Updating finger 131
INFO:root:Finished updating finger
INFO:root:Updating finger 102
INFO:root:Finished updating finger
INFO:root:Updating finger 3
INFO:root:Finished updating finger
INFO:root:Updating finger 136
INFO:root:Finished updating finger
INFO:root:Updating finger 69
INFO:root:Finished updating finger
INFO:root:Updating finger 141
INFO:root:Finished updating finger
INFO:root:Updating finger 37
INFO:root:Finished updating finger
INFO:root:Updating finger 145
INFO:root:Finished updating finger
INFO:root:Updating finger 51
INFO:root:Finished updating finger
INFO:root:Updating finger 111
INFO:root:Finished updating finger
INFO:root:Updating finger 129
INFO:root:Finished updating finger
INFO:root:Updating finger 89
INFO:root:Finished updating finger
INFO:root:Updating finger 99
INFO:root:Finished updating finger
INFO:root:Updating finger 61
INFO:root:Finished updating finger
INFO:root:Updating finger 79
INFO:root:Finished updating finger
INFO:root:Updating finger 121
INFO:root:Finished updating finger
INFO:root:Updating finger 147
INFO:root:Finished updating finger
INFO:root:Updating finger 64
INFO:root:Finished updating finger
INFO:root:Updating finger 116
INFO:root:Finished updating finger
INFO:root:Updating finger 132
INFO:root:Finished updating finger
INFO:root:Updating finger 28
INFO:root:Finished updating finger
INFO:root:Updating finger 21
INFO:root:Finished updating finger
INFO:root:Updating finger 60
INFO:root:Finished updating finger
INFO:root:Updating finger 125
INFO:root:Finished updating finger
INFO:root:Updating finger 99
INFO:root:Finished updating finger
INFO:root:Updating finger 38
INFO:root:Finished updating finger
INFO:root:Updating finger 95
INFO:root:Finished updating finger
INFO:root:Updating finger 17
INFO:root:Finished updating finger
INFO:root:Updating finger 105
INFO:root:Finished updating finger
INFO:root:Updating finger 84
INFO:root:Finished updating finger
INFO:root:Updating finger 118
INFO:root:Finished updating finger
INFO:root:Updating finger 48
INFO:root:Finished updating finger
INFO:root:Updating finger 114
INFO:root:Finished updating finger
INFO:root:Updating finger 41
INFO:root:Finished updating finger
INFO:root:Updating finger 100
INFO:root:Finished updating finger
INFO:root:Updating finger 62
INFO:root:Finished updating finger
INFO:root:Updating finger 25
INFO:root:Finished updating finger
INFO:root:Updating finger 12
INFO:root:Finished updating finger
INFO:root:Updating finger 6
INFO:root:Finished updating finger
INFO:root:Updating finger 35
INFO:root:Finished updating finger
INFO:root:Updating finger 131
INFO:root:Finished updating finger
INFO:root:Updating finger 147
INFO:root:Finished updating finger
INFO:root:Updating finger 5
INFO:root:Finished updating finger
INFO:root:Updating finger 10
INFO:root:Finished updating finger
INFO:root:Updating finger 73
INFO:root:Finished updating finger
INFO:root:Updating finger 144
INFO:root:Finished updating finger
INFO:root:Updating finger 155
INFO:root:Finished updating finger
INFO:root:Updating finger 69
INFO:root:Finished updating finger
INFO:root:Performing an entire refresh of the finger table
INFO:root:Making request for fingertable construction
INFO:root:Got root node request
INFO:root:Updating finger 128
INFO:root:Finished updating finger
INFO:root:Updating finger 125
INFO:root:Finished updating finger
INFO:root:Updating finger 45
INFO:root:Finished updating finger
INFO:root:Updating finger 14
INFO:root:Finished updating finger
INFO:root:Updating finger 124
INFO:root:Finished updating finger
INFO:root:Updating finger 144
INFO:root:Finished updating finger
INFO:root:Updating finger 86
INFO:root:Finished updating finger
INFO:root:Updating finger 121
INFO:root:Finished updating finger
INFO:root:Updating finger 101
INFO:root:Finished updating finger
INFO:root:Updating finger 39
INFO:root:Finished updating finger
INFO:root:Updating finger 102
INFO:root:Finished updating finger
INFO:root:Updating finger 75
INFO:root:Finished updating finger
INFO:root:Updating finger 41
INFO:root:Finished updating finger
INFO:root:Updating finger 1
INFO:root:Finished updating finger
INFO:root:Updating finger 50
INFO:root:Finished updating finger
INFO:root:Updating finger 137
INFO:root:Finished updating finger
INFO:root:Updating finger 78
INFO:root:Finished updating finger
INFO:root:Updating finger 115
INFO:root:Finished updating finger
INFO:root:Updating finger 92
INFO:root:Finished updating finger
INFO:root:Updating finger 67
INFO:root:Finished updating finger
INFO:root:Updating finger 83
INFO:root:Finished updating finger
INFO:root:Updating finger 67
INFO:root:Finished updating finger
INFO:root:Updating finger 154
INFO:root:Finished updating finger
INFO:root:Updating finger 73
INFO:root:Finished updating finger
INFO:root:Updating finger 10
INFO:root:Finished updating finger
INFO:root:Updating finger 133
INFO:root:Finished updating finger
INFO:root:Updating finger 64
INFO:root:Finished updating finger
INFO:root:Updating finger 86
INFO:root:Finished updating finger
INFO:root:Updating finger 132
INFO:root:Finished updating finger
INFO:root:Updating finger 120
INFO:root:Finished updating finger
INFO:root:Updating finger 42
INFO:root:Finished updating finger
INFO:root:Updating finger 67
INFO:root:Finished updating finger
INFO:root:Updating finger 51
INFO:root:Finished updating finger
INFO:root:Updating finger 152
INFO:root:Finished updating finger
INFO:root:Updating finger 77
INFO:root:Finished updating finger
INFO:root:Updating finger 50
INFO:root:Finished updating finger
INFO:root:Updating finger 112
INFO:root:Finished updating finger
INFO:root:Updating finger 18
INFO:root:Finished updating finger
INFO:root:Updating finger 122
INFO:root:Finished updating finger
INFO:root:Updating finger 132
INFO:root:Finished updating finger
INFO:root:Updating finger 59
INFO:root:Finished updating finger
INFO:root:Updating finger 144
INFO:root:Finished updating finger
INFO:root:Updating finger 86
INFO:root:Finished updating finger
INFO:root:Updating finger 7
INFO:root:Finished updating finger
INFO:root:Updating finger 75
INFO:root:Finished updating finger
INFO:root:Updating finger 158
INFO:root:Finished updating finger
INFO:root:Updating finger 97
INFO:root:Finished updating finger
INFO:root:Updating finger 156
INFO:root:Finished updating finger
INFO:root:Updating finger 98
INFO:root:Finished updating finger
INFO:root:Updating finger 65
INFO:root:Finished updating finger
INFO:root:Updating finger 143
INFO:root:Finished updating finger
INFO:root:Updating finger 49
INFO:root:Finished updating finger
INFO:root:Updating finger 93
INFO:root:Finished updating finger
INFO:root:Updating finger 74
INFO:root:Finished updating finger
INFO:root:Updating finger 4
INFO:root:Finished updating finger
INFO:root:Updating finger 128
INFO:root:Finished updating finger
INFO:root:Updating finger 55
INFO:root:Finished updating finger
INFO:root:Updating finger 84
INFO:root:Finished updating finger
INFO:root:Updating finger 136
INFO:root:Finished updating finger
INFO:root:Got root node request
INFO:root:Updating finger 100
INFO:root:Finished updating finger
INFO:root:Updating finger 123
INFO:root:Finished updating finger
INFO:root:Updating finger 50
INFO:root:Finished updating finger
INFO:root:Performing an entire refresh of the finger table
INFO:root:Making request for fingertable construction
INFO:root:Updating finger 66
INFO:root:Finished updating finger
INFO:root:Updating finger 30
INFO:root:Finished updating finger
INFO:root:Updating finger 25
INFO:root:Finished updating finger
INFO:root:Updating finger 98
INFO:root:Finished updating finger
INFO:root:Updating finger 129
INFO:root:Finished updating finger
INFO:root:Updating finger 115
INFO:root:Finished updating finger
INFO:root:Updating finger 103
INFO:root:Finished updating finger
